[2019-12-09 08:31:05] local.ERROR: Target class [App\Http\Controllers\API\TagsController] does not exist. {"exception":"[object] (Illuminate\\Contracts\\Container\\BindingResolutionException(code: 0): Target class [App\\Http\\Controllers\\API\\TagsController] does not exist. at C:\\Users\\Yoram\\Documents\\School\\wot\\bario\\Bario\\Back-end\\bario-api\\vendor\\laravel\\framework\\src\\Illuminate\\Container\\Container.php:805)
[stacktrace]
#0 C:\\Users\\Yoram\\Documents\\School\\wot\\bario\\Bario\\Back-end\\bario-api\\vendor\\laravel\\framework\\src\\Illuminate\\Container\\Container.php(681): Illuminate\\Container\\Container->build('App\\\\Http\\\\Contro...')
#1 C:\\Users\\Yoram\\Documents\\School\\wot\\bario\\Bario\\Back-end\\bario-api\\vendor\\laravel\\framework\\src\\Illuminate\\Container\\Container.php(629): Illuminate\\Container\\Container->resolve('App\\\\Http\\\\Contro...', Array)
#2 C:\\Users\\Yoram\\Documents\\School\\wot\\bario\\Bario\\Back-end\\bario-api\\vendor\\laravel\\framework\\src\\Illuminate\\Foundation\\Application.php(768): Illuminate\\Container\\Container->make('App\\\\Http\\\\Contro...', Array)
#3 C:\\Users\\Yoram\\Documents\\School\\wot\\bario\\Bario\\Back-end\\bario-api\\vendor\\laravel\\framework\\src\\Illuminate\\Routing\\Route.php(233): Illuminate\\Foundation\\Application->make('App\\\\Http\\\\Contro...')
#4 C:\\Users\\Yoram\\Documents\\School\\wot\\bario\\Bario\\Back-end\\bario-api\\vendor\\laravel\\framework\\src\\Illuminate\\Routing\\Route.php(833): Illuminate\\Routing\\Route->getController()
#5 C:\\Users\\Yoram\\Documents\\School\\wot\\bario\\Bario\\Back-end\\bario-api\\vendor\\laravel\\framework\\src\\Illuminate\\Routing\\Route.php(794): Illuminate\\Routing\\Route->controllerMiddleware()
#6 C:\\Users\\Yoram\\Documents\\School\\wot\\bario\\Bario\\Back-end\\bario-api\\vendor\\laravel\\framework\\src\\Illuminate\\Routing\\Router.php(693): Illuminate\\Routing\\Route->gatherMiddleware()
#7 C:\\Users\\Yoram\\Documents\\School\\wot\\bario\\Bario\\Back-end\\bario-api\\vendor\\laravel\\framework\\src\\Illuminate\\Routing\\Router.php(673): Illuminate\\Routing\\Router->gatherRouteMiddleware(Object(Illuminate\\Routing\\Route))
#8 C:\\Users\\Yoram\\Documents\\School\\wot\\bario\\Bario\\Back-end\\bario-api\\vendor\\laravel\\framework\\src\\Illuminate\\Routing\\Router.php(657): Illuminate\\Routing\\Router->runRouteWithinStack(Object(Illuminate\\Routing\\Route), Object(Illuminate\\Http\\Request))
#9 C:\\Users\\Yoram\\Documents\\School\\wot\\bario\\Bario\\Back-end\\bario-api\\vendor\\laravel\\framework\\src\\Illuminate\\Routing\\Router.php(623): Illuminate\\Routing\\Router->runRoute(Object(Illuminate\\Http\\Request), Object(Illuminate\\Routing\\Route))
#10 C:\\Users\\Yoram\\Documents\\School\\wot\\bario\\Bario\\Back-end\\bario-api\\vendor\\laravel\\framework\\src\\Illuminate\\Routing\\Router.php(612): Illuminate\\Routing\\Router->dispatchToRoute(Object(Illuminate\\Http\\Request))
#11 C:\\Users\\Yoram\\Documents\\School\\wot\\bario\\Bario\\Back-end\\bario-api\\vendor\\laravel\\framework\\src\\Illuminate\\Foundation\\Http\\Kernel.php(176): Illuminate\\Routing\\Router->dispatch(Object(Illuminate\\Http\\Request))
#12 C:\\Users\\Yoram\\Documents\\School\\wot\\bario\\Bario\\Back-end\\bario-api\\vendor\\laravel\\framework\\src\\Illuminate\\Pipeline\\Pipeline.php(130): Illuminate\\Foundation\\Http\\Kernel->Illuminate\\Foundation\\Http\\{closure}(Object(Illuminate\\Http\\Request))
#13 C:\\Users\\Yoram\\Documents\\School\\wot\\bario\\Bario\\Back-end\\bario-api\\vendor\\laravel\\framework\\src\\Illuminate\\Foundation\\Http\\Middleware\\TransformsRequest.php(21): Illuminate\\Pipeline\\Pipeline->Illuminate\\Pipeline\\{closure}(Object(Illuminate\\Http\\Request))
#14 C:\\Users\\Yoram\\Documents\\School\\wot\\bario\\Bario\\Back-end\\bario-api\\vendor\\laravel\\framework\\src\\Illuminate\\Pipeline\\Pipeline.php(171): Illuminate\\Foundation\\Http\\Middleware\\TransformsRequest->handle(Object(Illuminate\\Http\\Request), Object(Closure))
#15 C:\\Users\\Yoram\\Documents\\School\\wot\\bario\\Bario\\Back-end\\bario-api\\vendor\\laravel\\framework\\src\\Illuminate\\Foundation\\Http\\Middleware\\TransformsRequest.php(21): Illuminate\\Pipeline\\Pipeline->Illuminate\\Pipeline\\{closure}(Object(Illuminate\\Http\\Request))
#16 C:\\Users\\Yoram\\Documents\\School\\wot\\bario\\Bario\\Back-end\\bario-api\\vendor\\laravel\\framework\\src\\Illuminate\\Pipeline\\Pipeline.php(171): Illuminate\\Foundation\\Http\\Middleware\\TransformsRequest->handle(Object(Illuminate\\Http\\Request), Object(Closure))
#17 C:\\Users\\Yoram\\Documents\\School\\wot\\bario\\Bario\\Back-end\\bario-api\\vendor\\laravel\\framework\\src\\Illuminate\\Foundation\\Http\\Middleware\\ValidatePostSize.php(27): Illuminate\\Pipeline\\Pipeline->Illuminate\\Pipeline\\{closure}(Object(Illuminate\\Http\\Request))
#18 C:\\Users\\Yoram\\Documents\\School\\wot\\bario\\Bario\\Back-end\\bario-api\\vendor\\laravel\\framework\\src\\Illuminate\\Pipeline\\Pipeline.php(171): Illuminate\\Foundation\\Http\\Middleware\\ValidatePostSize->handle(Object(Illuminate\\Http\\Request), Object(Closure))
#19 C:\\Users\\Yoram\\Documents\\School\\wot\\bario\\Bario\\Back-end\\bario-api\\vendor\\laravel\\framework\\src\\Illuminate\\Foundation\\Http\\Middleware\\CheckForMaintenanceMode.php(62): Illuminate\\Pipeline\\Pipeline->Illuminate\\Pipeline\\{closure}(Object(Illuminate\\Http\\Request))
#20 C:\\Users\\Yoram\\Documents\\School\\wot\\bario\\Bario\\Back-end\\bario-api\\vendor\\laravel\\framework\\src\\Illuminate\\Pipeline\\Pipeline.php(171): Illuminate\\Foundation\\Http\\Middleware\\CheckForMaintenanceMode->handle(Object(Illuminate\\Http\\Request), Object(Closure))
#21 C:\\Users\\Yoram\\Documents\\School\\wot\\bario\\Bario\\Back-end\\bario-api\\vendor\\fideloper\\proxy\\src\\TrustProxies.php(57): Illuminate\\Pipeline\\Pipeline->Illuminate\\Pipeline\\{closure}(Object(Illuminate\\Http\\Request))
#22 C:\\Users\\Yoram\\Documents\\School\\wot\\bario\\Bario\\Back-end\\bario-api\\vendor\\laravel\\framework\\src\\Illuminate\\Pipeline\\Pipeline.php(171): Fideloper\\Proxy\\TrustProxies->handle(Object(Illuminate\\Http\\Request), Object(Closure))
#23 C:\\Users\\Yoram\\Documents\\School\\wot\\bario\\Bario\\Back-end\\bario-api\\vendor\\laravel\\framework\\src\\Illuminate\\Pipeline\\Pipeline.php(105): Illuminate\\Pipeline\\Pipeline->Illuminate\\Pipeline\\{closure}(Object(Illuminate\\Http\\Request))
#24 C:\\Users\\Yoram\\Documents\\School\\wot\\bario\\Bario\\Back-end\\bario-api\\vendor\\laravel\\framework\\src\\Illuminate\\Foundation\\Http\\Kernel.php(151): Illuminate\\Pipeline\\Pipeline->then(Object(Closure))
#25 C:\\Users\\Yoram\\Documents\\School\\wot\\bario\\Bario\\Back-end\\bario-api\\vendor\\laravel\\framework\\src\\Illuminate\\Foundation\\Http\\Kernel.php(116): Illuminate\\Foundation\\Http\\Kernel->sendRequestThroughRouter(Object(Illuminate\\Http\\Request))
#26 C:\\Users\\Yoram\\Documents\\School\\wot\\bario\\Bario\\Back-end\\bario-api\\public\\index.php(55): Illuminate\\Foundation\\Http\\Kernel->handle(Object(Illuminate\\Http\\Request))
#27 C:\\Users\\Yoram\\Documents\\School\\wot\\bario\\Bario\\Back-end\\bario-api\\server.php(21): require_once('C:\\\\Users\\\\Yoram\\\\...')
#28 {main}

[previous exception] [object] (ReflectionException(code: -1): Class App\\Http\\Controllers\\API\\TagsController does not exist at C:\\Users\\Yoram\\Documents\\School\\wot\\bario\\Bario\\Back-end\\bario-api\\vendor\\laravel\\framework\\src\\Illuminate\\Container\\Container.php:803)
[stacktrace]
#0 C:\\Users\\Yoram\\Documents\\School\\wot\\bario\\Bario\\Back-end\\bario-api\\vendor\\laravel\\framework\\src\\Illuminate\\Container\\Container.php(803): ReflectionClass->__construct('App\\\\Http\\\\Contro...')
#1 C:\\Users\\Yoram\\Documents\\School\\wot\\bario\\Bario\\Back-end\\bario-api\\vendor\\laravel\\framework\\src\\Illuminate\\Container\\Container.php(681): Illuminate\\Container\\Container->build('App\\\\Http\\\\Contro...')
#2 C:\\Users\\Yoram\\Documents\\School\\wot\\bario\\Bario\\Back-end\\bario-api\\vendor\\laravel\\framework\\src\\Illuminate\\Container\\Container.php(629): Illuminate\\Container\\Container->resolve('App\\\\Http\\\\Contro...', Array)
#3 C:\\Users\\Yoram\\Documents\\School\\wot\\bario\\Bario\\Back-end\\bario-api\\vendor\\laravel\\framework\\src\\Illuminate\\Foundation\\Application.php(768): Illuminate\\Container\\Container->make('App\\\\Http\\\\Contro...', Array)
#4 C:\\Users\\Yoram\\Documents\\School\\wot\\bario\\Bario\\Back-end\\bario-api\\vendor\\laravel\\framework\\src\\Illuminate\\Routing\\Route.php(233): Illuminate\\Foundation\\Application->make('App\\\\Http\\\\Contro...')
#5 C:\\Users\\Yoram\\Documents\\School\\wot\\bario\\Bario\\Back-end\\bario-api\\vendor\\laravel\\framework\\src\\Illuminate\\Routing\\Route.php(833): Illuminate\\Routing\\Route->getController()
#6 C:\\Users\\Yoram\\Documents\\School\\wot\\bario\\Bario\\Back-end\\bario-api\\vendor\\laravel\\framework\\src\\Illuminate\\Routing\\Route.php(794): Illuminate\\Routing\\Route->controllerMiddleware()
#7 C:\\Users\\Yoram\\Documents\\School\\wot\\bario\\Bario\\Back-end\\bario-api\\vendor\\laravel\\framework\\src\\Illuminate\\Routing\\Router.php(693): Illuminate\\Routing\\Route->gatherMiddleware()
#8 C:\\Users\\Yoram\\Documents\\School\\wot\\bario\\Bario\\Back-end\\bario-api\\vendor\\laravel\\framework\\src\\Illuminate\\Routing\\Router.php(673): Illuminate\\Routing\\Router->gatherRouteMiddleware(Object(Illuminate\\Routing\\Route))
#9 C:\\Users\\Yoram\\Documents\\School\\wot\\bario\\Bario\\Back-end\\bario-api\\vendor\\laravel\\framework\\src\\Illuminate\\Routing\\Router.php(657): Illuminate\\Routing\\Router->runRouteWithinStack(Object(Illuminate\\Routing\\Route), Object(Illuminate\\Http\\Request))
#10 C:\\Users\\Yoram\\Documents\\School\\wot\\bario\\Bario\\Back-end\\bario-api\\vendor\\laravel\\framework\\src\\Illuminate\\Routing\\Router.php(623): Illuminate\\Routing\\Router->runRoute(Object(Illuminate\\Http\\Request), Object(Illuminate\\Routing\\Route))
#11 C:\\Users\\Yoram\\Documents\\School\\wot\\bario\\Bario\\Back-end\\bario-api\\vendor\\laravel\\framework\\src\\Illuminate\\Routing\\Router.php(612): Illuminate\\Routing\\Router->dispatchToRoute(Object(Illuminate\\Http\\Request))
#12 C:\\Users\\Yoram\\Documents\\School\\wot\\bario\\Bario\\Back-end\\bario-api\\vendor\\laravel\\framework\\src\\Illuminate\\Foundation\\Http\\Kernel.php(176): Illuminate\\Routing\\Router->dispatch(Object(Illuminate\\Http\\Request))
#13 C:\\Users\\Yoram\\Documents\\School\\wot\\bario\\Bario\\Back-end\\bario-api\\vendor\\laravel\\framework\\src\\Illuminate\\Pipeline\\Pipeline.php(130): Illuminate\\Foundation\\Http\\Kernel->Illuminate\\Foundation\\Http\\{closure}(Object(Illuminate\\Http\\Request))
#14 C:\\Users\\Yoram\\Documents\\School\\wot\\bario\\Bario\\Back-end\\bario-api\\vendor\\laravel\\framework\\src\\Illuminate\\Foundation\\Http\\Middleware\\TransformsRequest.php(21): Illuminate\\Pipeline\\Pipeline->Illuminate\\Pipeline\\{closure}(Object(Illuminate\\Http\\Request))
#15 C:\\Users\\Yoram\\Documents\\School\\wot\\bario\\Bario\\Back-end\\bario-api\\vendor\\laravel\\framework\\src\\Illuminate\\Pipeline\\Pipeline.php(171): Illuminate\\Foundation\\Http\\Middleware\\TransformsRequest->handle(Object(Illuminate\\Http\\Request), Object(Closure))
#16 C:\\Users\\Yoram\\Documents\\School\\wot\\bario\\Bario\\Back-end\\bario-api\\vendor\\laravel\\framework\\src\\Illuminate\\Foundation\\Http\\Middleware\\TransformsRequest.php(21): Illuminate\\Pipeline\\Pipeline->Illuminate\\Pipeline\\{closure}(Object(Illuminate\\Http\\Request))
#17 C:\\Users\\Yoram\\Documents\\School\\wot\\bario\\Bario\\Back-end\\bario-api\\vendor\\laravel\\framework\\src\\Illuminate\\Pipeline\\Pipeline.php(171): Illuminate\\Foundation\\Http\\Middleware\\TransformsRequest->handle(Object(Illuminate\\Http\\Request), Object(Closure))
#18 C:\\Users\\Yoram\\Documents\\School\\wot\\bario\\Bario\\Back-end\\bario-api\\vendor\\laravel\\framework\\src\\Illuminate\\Foundation\\Http\\Middleware\\ValidatePostSize.php(27): Illuminate\\Pipeline\\Pipeline->Illuminate\\Pipeline\\{closure}(Object(Illuminate\\Http\\Request))
#19 C:\\Users\\Yoram\\Documents\\School\\wot\\bario\\Bario\\Back-end\\bario-api\\vendor\\laravel\\framework\\src\\Illuminate\\Pipeline\\Pipeline.php(171): Illuminate\\Foundation\\Http\\Middleware\\ValidatePostSize->handle(Object(Illuminate\\Http\\Request), Object(Closure))
#20 C:\\Users\\Yoram\\Documents\\School\\wot\\bario\\Bario\\Back-end\\bario-api\\vendor\\laravel\\framework\\src\\Illuminate\\Foundation\\Http\\Middleware\\CheckForMaintenanceMode.php(62): Illuminate\\Pipeline\\Pipeline->Illuminate\\Pipeline\\{closure}(Object(Illuminate\\Http\\Request))
#21 C:\\Users\\Yoram\\Documents\\School\\wot\\bario\\Bario\\Back-end\\bario-api\\vendor\\laravel\\framework\\src\\Illuminate\\Pipeline\\Pipeline.php(171): Illuminate\\Foundation\\Http\\Middleware\\CheckForMaintenanceMode->handle(Object(Illuminate\\Http\\Request), Object(Closure))
#22 C:\\Users\\Yoram\\Documents\\School\\wot\\bario\\Bario\\Back-end\\bario-api\\vendor\\fideloper\\proxy\\src\\TrustProxies.php(57): Illuminate\\Pipeline\\Pipeline->Illuminate\\Pipeline\\{closure}(Object(Illuminate\\Http\\Request))
#23 C:\\Users\\Yoram\\Documents\\School\\wot\\bario\\Bario\\Back-end\\bario-api\\vendor\\laravel\\framework\\src\\Illuminate\\Pipeline\\Pipeline.php(171): Fideloper\\Proxy\\TrustProxies->handle(Object(Illuminate\\Http\\Request), Object(Closure))
#24 C:\\Users\\Yoram\\Documents\\School\\wot\\bario\\Bario\\Back-end\\bario-api\\vendor\\laravel\\framework\\src\\Illuminate\\Pipeline\\Pipeline.php(105): Illuminate\\Pipeline\\Pipeline->Illuminate\\Pipeline\\{closure}(Object(Illuminate\\Http\\Request))
#25 C:\\Users\\Yoram\\Documents\\School\\wot\\bario\\Bario\\Back-end\\bario-api\\vendor\\laravel\\framework\\src\\Illuminate\\Foundation\\Http\\Kernel.php(151): Illuminate\\Pipeline\\Pipeline->then(Object(Closure))
#26 C:\\Users\\Yoram\\Documents\\School\\wot\\bario\\Bario\\Back-end\\bario-api\\vendor\\laravel\\framework\\src\\Illuminate\\Foundation\\Http\\Kernel.php(116): Illuminate\\Foundation\\Http\\Kernel->sendRequestThroughRouter(Object(Illuminate\\Http\\Request))
#27 C:\\Users\\Yoram\\Documents\\School\\wot\\bario\\Bario\\Back-end\\bario-api\\public\\index.php(55): Illuminate\\Foundation\\Http\\Kernel->handle(Object(Illuminate\\Http\\Request))
#28 C:\\Users\\Yoram\\Documents\\School\\wot\\bario\\Bario\\Back-end\\bario-api\\server.php(21): require_once('C:\\\\Users\\\\Yoram\\\\...')
#29 {main}
"} 
[2019-12-09 08:34:13] local.ERROR: There are no commands defined in the "create" namespace. {"exception":"[object] (Symfony\\Component\\Console\\Exception\\NamespaceNotFoundException(code: 0): There are no commands defined in the \"create\" namespace. at C:\\Users\\Yoram\\Documents\\School\\wot\\bario\\Bario\\Back-end\\bario-api\\vendor\\symfony\\console\\Application.php:592)
[stacktrace]
#0 C:\\Users\\Yoram\\Documents\\School\\wot\\bario\\Bario\\Back-end\\bario-api\\vendor\\symfony\\console\\Application.php(641): Symfony\\Component\\Console\\Application->findNamespace('create')
#1 C:\\Users\\Yoram\\Documents\\School\\wot\\bario\\Bario\\Back-end\\bario-api\\vendor\\symfony\\console\\Application.php(237): Symfony\\Component\\Console\\Application->find('create:model')
#2 C:\\Users\\Yoram\\Documents\\School\\wot\\bario\\Bario\\Back-end\\bario-api\\vendor\\symfony\\console\\Application.php(149): Symfony\\Component\\Console\\Application->doRun(Object(Symfony\\Component\\Console\\Input\\ArgvInput), Object(Symfony\\Component\\Console\\Output\\ConsoleOutput))
#3 C:\\Users\\Yoram\\Documents\\School\\wot\\bario\\Bario\\Back-end\\bario-api\\vendor\\laravel\\framework\\src\\Illuminate\\Console\\Application.php(90): Symfony\\Component\\Console\\Application->run(Object(Symfony\\Component\\Console\\Input\\ArgvInput), Object(Symfony\\Component\\Console\\Output\\ConsoleOutput))
#4 C:\\Users\\Yoram\\Documents\\School\\wot\\bario\\Bario\\Back-end\\bario-api\\vendor\\laravel\\framework\\src\\Illuminate\\Foundation\\Console\\Kernel.php(131): Illuminate\\Console\\Application->run(Object(Symfony\\Component\\Console\\Input\\ArgvInput), Object(Symfony\\Component\\Console\\Output\\ConsoleOutput))
#5 C:\\Users\\Yoram\\Documents\\School\\wot\\bario\\Bario\\Back-end\\bario-api\\artisan(37): Illuminate\\Foundation\\Console\\Kernel->handle(Object(Symfony\\Component\\Console\\Input\\ArgvInput), Object(Symfony\\Component\\Console\\Output\\ConsoleOutput))
#6 {main}
"} 
[2019-12-09 08:43:30] local.ERROR: Undefined variable: Tags {"userId":1,"exception":"[object] (ErrorException(code: 0): Undefined variable: Tags at C:\\Users\\Yoram\\Documents\\School\\wot\\bario\\Bario\\Back-end\\bario-api\\app\\Http\\Controllers\\API\\TagsController.php:57)
[stacktrace]
#0 C:\\Users\\Yoram\\Documents\\School\\wot\\bario\\Bario\\Back-end\\bario-api\\app\\Http\\Controllers\\API\\TagsController.php(57): Illuminate\\Foundation\\Bootstrap\\HandleExceptions->handleError(8, 'Undefined varia...', 'C:\\\\Users\\\\Yoram\\\\...', 57, Array)
#1 [internal function]: App\\Http\\Controllers\\API\\TagsController->store(Object(Illuminate\\Http\\Request))
#2 C:\\Users\\Yoram\\Documents\\School\\wot\\bario\\Bario\\Back-end\\bario-api\\vendor\\laravel\\framework\\src\\Illuminate\\Routing\\Controller.php(54): call_user_func_array(Array, Array)
#3 C:\\Users\\Yoram\\Documents\\School\\wot\\bario\\Bario\\Back-end\\bario-api\\vendor\\laravel\\framework\\src\\Illuminate\\Routing\\ControllerDispatcher.php(45): Illuminate\\Routing\\Controller->callAction('store', Array)
#4 C:\\Users\\Yoram\\Documents\\School\\wot\\bario\\Bario\\Back-end\\bario-api\\vendor\\laravel\\framework\\src\\Illuminate\\Routing\\Route.php(219): Illuminate\\Routing\\ControllerDispatcher->dispatch(Object(Illuminate\\Routing\\Route), Object(App\\Http\\Controllers\\API\\TagsController), 'store')
#5 C:\\Users\\Yoram\\Documents\\School\\wot\\bario\\Bario\\Back-end\\bario-api\\vendor\\laravel\\framework\\src\\Illuminate\\Routing\\Route.php(176): Illuminate\\Routing\\Route->runController()
#6 C:\\Users\\Yoram\\Documents\\School\\wot\\bario\\Bario\\Back-end\\bario-api\\vendor\\laravel\\framework\\src\\Illuminate\\Routing\\Router.php(680): Illuminate\\Routing\\Route->run()
#7 C:\\Users\\Yoram\\Documents\\School\\wot\\bario\\Bario\\Back-end\\bario-api\\vendor\\laravel\\framework\\src\\Illuminate\\Pipeline\\Pipeline.php(130): Illuminate\\Routing\\Router->Illuminate\\Routing\\{closure}(Object(Illuminate\\Http\\Request))
#8 C:\\Users\\Yoram\\Documents\\School\\wot\\bario\\Bario\\Back-end\\bario-api\\app\\Http\\Middleware\\AuthBasic.php(23): Illuminate\\Pipeline\\Pipeline->Illuminate\\Pipeline\\{closure}(Object(Illuminate\\Http\\Request))
#9 C:\\Users\\Yoram\\Documents\\School\\wot\\bario\\Bario\\Back-end\\bario-api\\vendor\\laravel\\framework\\src\\Illuminate\\Pipeline\\Pipeline.php(171): App\\Http\\Middleware\\AuthBasic->handle(Object(Illuminate\\Http\\Request), Object(Closure))
#10 C:\\Users\\Yoram\\Documents\\School\\wot\\bario\\Bario\\Back-end\\bario-api\\vendor\\laravel\\framework\\src\\Illuminate\\Routing\\Middleware\\SubstituteBindings.php(41): Illuminate\\Pipeline\\Pipeline->Illuminate\\Pipeline\\{closure}(Object(Illuminate\\Http\\Request))
#11 C:\\Users\\Yoram\\Documents\\School\\wot\\bario\\Bario\\Back-end\\bario-api\\vendor\\laravel\\framework\\src\\Illuminate\\Pipeline\\Pipeline.php(171): Illuminate\\Routing\\Middleware\\SubstituteBindings->handle(Object(Illuminate\\Http\\Request), Object(Closure))
#12 C:\\Users\\Yoram\\Documents\\School\\wot\\bario\\Bario\\Back-end\\bario-api\\vendor\\laravel\\framework\\src\\Illuminate\\Routing\\Middleware\\ThrottleRequests.php(59): Illuminate\\Pipeline\\Pipeline->Illuminate\\Pipeline\\{closure}(Object(Illuminate\\Http\\Request))
#13 C:\\Users\\Yoram\\Documents\\School\\wot\\bario\\Bario\\Back-end\\bario-api\\vendor\\laravel\\framework\\src\\Illuminate\\Pipeline\\Pipeline.php(171): Illuminate\\Routing\\Middleware\\ThrottleRequests->handle(Object(Illuminate\\Http\\Request), Object(Closure), 60, '1')
#14 C:\\Users\\Yoram\\Documents\\School\\wot\\bario\\Bario\\Back-end\\bario-api\\vendor\\laravel\\framework\\src\\Illuminate\\Pipeline\\Pipeline.php(105): Illuminate\\Pipeline\\Pipeline->Illuminate\\Pipeline\\{closure}(Object(Illuminate\\Http\\Request))
#15 C:\\Users\\Yoram\\Documents\\School\\wot\\bario\\Bario\\Back-end\\bario-api\\vendor\\laravel\\framework\\src\\Illuminate\\Routing\\Router.php(682): Illuminate\\Pipeline\\Pipeline->then(Object(Closure))
#16 C:\\Users\\Yoram\\Documents\\School\\wot\\bario\\Bario\\Back-end\\bario-api\\vendor\\laravel\\framework\\src\\Illuminate\\Routing\\Router.php(657): Illuminate\\Routing\\Router->runRouteWithinStack(Object(Illuminate\\Routing\\Route), Object(Illuminate\\Http\\Request))
#17 C:\\Users\\Yoram\\Documents\\School\\wot\\bario\\Bario\\Back-end\\bario-api\\vendor\\laravel\\framework\\src\\Illuminate\\Routing\\Router.php(623): Illuminate\\Routing\\Router->runRoute(Object(Illuminate\\Http\\Request), Object(Illuminate\\Routing\\Route))
#18 C:\\Users\\Yoram\\Documents\\School\\wot\\bario\\Bario\\Back-end\\bario-api\\vendor\\laravel\\framework\\src\\Illuminate\\Routing\\Router.php(612): Illuminate\\Routing\\Router->dispatchToRoute(Object(Illuminate\\Http\\Request))
#19 C:\\Users\\Yoram\\Documents\\School\\wot\\bario\\Bario\\Back-end\\bario-api\\vendor\\laravel\\framework\\src\\Illuminate\\Foundation\\Http\\Kernel.php(176): Illuminate\\Routing\\Router->dispatch(Object(Illuminate\\Http\\Request))
#20 C:\\Users\\Yoram\\Documents\\School\\wot\\bario\\Bario\\Back-end\\bario-api\\vendor\\laravel\\framework\\src\\Illuminate\\Pipeline\\Pipeline.php(130): Illuminate\\Foundation\\Http\\Kernel->Illuminate\\Foundation\\Http\\{closure}(Object(Illuminate\\Http\\Request))
#21 C:\\Users\\Yoram\\Documents\\School\\wot\\bario\\Bario\\Back-end\\bario-api\\vendor\\laravel\\framework\\src\\Illuminate\\Foundation\\Http\\Middleware\\TransformsRequest.php(21): Illuminate\\Pipeline\\Pipeline->Illuminate\\Pipeline\\{closure}(Object(Illuminate\\Http\\Request))
#22 C:\\Users\\Yoram\\Documents\\School\\wot\\bario\\Bario\\Back-end\\bario-api\\vendor\\laravel\\framework\\src\\Illuminate\\Pipeline\\Pipeline.php(171): Illuminate\\Foundation\\Http\\Middleware\\TransformsRequest->handle(Object(Illuminate\\Http\\Request), Object(Closure))
#23 C:\\Users\\Yoram\\Documents\\School\\wot\\bario\\Bario\\Back-end\\bario-api\\vendor\\laravel\\framework\\src\\Illuminate\\Foundation\\Http\\Middleware\\TransformsRequest.php(21): Illuminate\\Pipeline\\Pipeline->Illuminate\\Pipeline\\{closure}(Object(Illuminate\\Http\\Request))
#24 C:\\Users\\Yoram\\Documents\\School\\wot\\bario\\Bario\\Back-end\\bario-api\\vendor\\laravel\\framework\\src\\Illuminate\\Pipeline\\Pipeline.php(171): Illuminate\\Foundation\\Http\\Middleware\\TransformsRequest->handle(Object(Illuminate\\Http\\Request), Object(Closure))
#25 C:\\Users\\Yoram\\Documents\\School\\wot\\bario\\Bario\\Back-end\\bario-api\\vendor\\laravel\\framework\\src\\Illuminate\\Foundation\\Http\\Middleware\\ValidatePostSize.php(27): Illuminate\\Pipeline\\Pipeline->Illuminate\\Pipeline\\{closure}(Object(Illuminate\\Http\\Request))
#26 C:\\Users\\Yoram\\Documents\\School\\wot\\bario\\Bario\\Back-end\\bario-api\\vendor\\laravel\\framework\\src\\Illuminate\\Pipeline\\Pipeline.php(171): Illuminate\\Foundation\\Http\\Middleware\\ValidatePostSize->handle(Object(Illuminate\\Http\\Request), Object(Closure))
#27 C:\\Users\\Yoram\\Documents\\School\\wot\\bario\\Bario\\Back-end\\bario-api\\vendor\\laravel\\framework\\src\\Illuminate\\Foundation\\Http\\Middleware\\CheckForMaintenanceMode.php(62): Illuminate\\Pipeline\\Pipeline->Illuminate\\Pipeline\\{closure}(Object(Illuminate\\Http\\Request))
#28 C:\\Users\\Yoram\\Documents\\School\\wot\\bario\\Bario\\Back-end\\bario-api\\vendor\\laravel\\framework\\src\\Illuminate\\Pipeline\\Pipeline.php(171): Illuminate\\Foundation\\Http\\Middleware\\CheckForMaintenanceMode->handle(Object(Illuminate\\Http\\Request), Object(Closure))
#29 C:\\Users\\Yoram\\Documents\\School\\wot\\bario\\Bario\\Back-end\\bario-api\\vendor\\fideloper\\proxy\\src\\TrustProxies.php(57): Illuminate\\Pipeline\\Pipeline->Illuminate\\Pipeline\\{closure}(Object(Illuminate\\Http\\Request))
#30 C:\\Users\\Yoram\\Documents\\School\\wot\\bario\\Bario\\Back-end\\bario-api\\vendor\\laravel\\framework\\src\\Illuminate\\Pipeline\\Pipeline.php(171): Fideloper\\Proxy\\TrustProxies->handle(Object(Illuminate\\Http\\Request), Object(Closure))
#31 C:\\Users\\Yoram\\Documents\\School\\wot\\bario\\Bario\\Back-end\\bario-api\\vendor\\laravel\\framework\\src\\Illuminate\\Pipeline\\Pipeline.php(105): Illuminate\\Pipeline\\Pipeline->Illuminate\\Pipeline\\{closure}(Object(Illuminate\\Http\\Request))
#32 C:\\Users\\Yoram\\Documents\\School\\wot\\bario\\Bario\\Back-end\\bario-api\\vendor\\laravel\\framework\\src\\Illuminate\\Foundation\\Http\\Kernel.php(151): Illuminate\\Pipeline\\Pipeline->then(Object(Closure))
#33 C:\\Users\\Yoram\\Documents\\School\\wot\\bario\\Bario\\Back-end\\bario-api\\vendor\\laravel\\framework\\src\\Illuminate\\Foundation\\Http\\Kernel.php(116): Illuminate\\Foundation\\Http\\Kernel->sendRequestThroughRouter(Object(Illuminate\\Http\\Request))
#34 C:\\Users\\Yoram\\Documents\\School\\wot\\bario\\Bario\\Back-end\\bario-api\\public\\index.php(55): Illuminate\\Foundation\\Http\\Kernel->handle(Object(Illuminate\\Http\\Request))
#35 C:\\Users\\Yoram\\Documents\\School\\wot\\bario\\Bario\\Back-end\\bario-api\\server.php(21): require_once('C:\\\\Users\\\\Yoram\\\\...')
#36 {main}
"} 
[2019-12-09 08:44:10] local.ERROR: SQLSTATE[23000]: Integrity constraint violation: 1062 Duplicate entry 'test-taggertje' for key 'tags_name_unique' (SQL: insert into `tags` (`name`, `category_id`, `updated_at`, `created_at`) values (test-taggertje, 1, 2019-12-09 08:44:10, 2019-12-09 08:44:10)) {"userId":1,"exception":"[object] (Illuminate\\Database\\QueryException(code: 23000): SQLSTATE[23000]: Integrity constraint violation: 1062 Duplicate entry 'test-taggertje' for key 'tags_name_unique' (SQL: insert into `tags` (`name`, `category_id`, `updated_at`, `created_at`) values (test-taggertje, 1, 2019-12-09 08:44:10, 2019-12-09 08:44:10)) at C:\\Users\\Yoram\\Documents\\School\\wot\\bario\\Bario\\Back-end\\bario-api\\vendor\\laravel\\framework\\src\\Illuminate\\Database\\Connection.php:665)
[stacktrace]
#0 C:\\Users\\Yoram\\Documents\\School\\wot\\bario\\Bario\\Back-end\\bario-api\\vendor\\laravel\\framework\\src\\Illuminate\\Database\\Connection.php(625): Illuminate\\Database\\Connection->runQueryCallback('insert into `ta...', Array, Object(Closure))
#1 C:\\Users\\Yoram\\Documents\\School\\wot\\bario\\Bario\\Back-end\\bario-api\\vendor\\laravel\\framework\\src\\Illuminate\\Database\\Connection.php(460): Illuminate\\Database\\Connection->run('insert into `ta...', Array, Object(Closure))
#2 C:\\Users\\Yoram\\Documents\\School\\wot\\bario\\Bario\\Back-end\\bario-api\\vendor\\laravel\\framework\\src\\Illuminate\\Database\\Connection.php(412): Illuminate\\Database\\Connection->statement('insert into `ta...', Array)
#3 C:\\Users\\Yoram\\Documents\\School\\wot\\bario\\Bario\\Back-end\\bario-api\\vendor\\laravel\\framework\\src\\Illuminate\\Database\\Query\\Processors\\Processor.php(32): Illuminate\\Database\\Connection->insert('insert into `ta...', Array)
#4 C:\\Users\\Yoram\\Documents\\School\\wot\\bario\\Bario\\Back-end\\bario-api\\vendor\\laravel\\framework\\src\\Illuminate\\Database\\Query\\Builder.php(2670): Illuminate\\Database\\Query\\Processors\\Processor->processInsertGetId(Object(Illuminate\\Database\\Query\\Builder), 'insert into `ta...', Array, 'id')
#5 C:\\Users\\Yoram\\Documents\\School\\wot\\bario\\Bario\\Back-end\\bario-api\\vendor\\laravel\\framework\\src\\Illuminate\\Database\\Eloquent\\Builder.php(1350): Illuminate\\Database\\Query\\Builder->insertGetId(Array, 'id')
#6 C:\\Users\\Yoram\\Documents\\School\\wot\\bario\\Bario\\Back-end\\bario-api\\vendor\\laravel\\framework\\src\\Illuminate\\Database\\Eloquent\\Model.php(839): Illuminate\\Database\\Eloquent\\Builder->__call('insertGetId', Array)
#7 C:\\Users\\Yoram\\Documents\\School\\wot\\bario\\Bario\\Back-end\\bario-api\\vendor\\laravel\\framework\\src\\Illuminate\\Database\\Eloquent\\Model.php(804): Illuminate\\Database\\Eloquent\\Model->insertAndSetId(Object(Illuminate\\Database\\Eloquent\\Builder), Array)
#8 C:\\Users\\Yoram\\Documents\\School\\wot\\bario\\Bario\\Back-end\\bario-api\\vendor\\laravel\\framework\\src\\Illuminate\\Database\\Eloquent\\Model.php(667): Illuminate\\Database\\Eloquent\\Model->performInsert(Object(Illuminate\\Database\\Eloquent\\Builder))
#9 C:\\Users\\Yoram\\Documents\\School\\wot\\bario\\Bario\\Back-end\\bario-api\\vendor\\laravel\\framework\\src\\Illuminate\\Database\\Eloquent\\Builder.php(749): Illuminate\\Database\\Eloquent\\Model->save()
#10 C:\\Users\\Yoram\\Documents\\School\\wot\\bario\\Bario\\Back-end\\bario-api\\vendor\\laravel\\framework\\src\\Illuminate\\Support\\helpers.php(422): Illuminate\\Database\\Eloquent\\Builder->Illuminate\\Database\\Eloquent\\{closure}(Object(App\\Models\\Tags))
#11 C:\\Users\\Yoram\\Documents\\School\\wot\\bario\\Bario\\Back-end\\bario-api\\vendor\\laravel\\framework\\src\\Illuminate\\Database\\Eloquent\\Builder.php(750): tap(Object(App\\Models\\Tags), Object(Closure))
#12 C:\\Users\\Yoram\\Documents\\School\\wot\\bario\\Bario\\Back-end\\bario-api\\vendor\\laravel\\framework\\src\\Illuminate\\Support\\Traits\\ForwardsCalls.php(23): Illuminate\\Database\\Eloquent\\Builder->create(Array)
#13 C:\\Users\\Yoram\\Documents\\School\\wot\\bario\\Bario\\Back-end\\bario-api\\vendor\\laravel\\framework\\src\\Illuminate\\Database\\Eloquent\\Model.php(1618): Illuminate\\Database\\Eloquent\\Model->forwardCallTo(Object(Illuminate\\Database\\Eloquent\\Builder), 'create', Array)
#14 C:\\Users\\Yoram\\Documents\\School\\wot\\bario\\Bario\\Back-end\\bario-api\\vendor\\laravel\\framework\\src\\Illuminate\\Database\\Eloquent\\Model.php(1630): Illuminate\\Database\\Eloquent\\Model->__call('create', Array)
#15 C:\\Users\\Yoram\\Documents\\School\\wot\\bario\\Bario\\Back-end\\bario-api\\app\\Http\\Controllers\\API\\TagsController.php(55): Illuminate\\Database\\Eloquent\\Model::__callStatic('create', Array)
#16 [internal function]: App\\Http\\Controllers\\API\\TagsController->store(Object(Illuminate\\Http\\Request))
#17 C:\\Users\\Yoram\\Documents\\School\\wot\\bario\\Bario\\Back-end\\bario-api\\vendor\\laravel\\framework\\src\\Illuminate\\Routing\\Controller.php(54): call_user_func_array(Array, Array)
#18 C:\\Users\\Yoram\\Documents\\School\\wot\\bario\\Bario\\Back-end\\bario-api\\vendor\\laravel\\framework\\src\\Illuminate\\Routing\\ControllerDispatcher.php(45): Illuminate\\Routing\\Controller->callAction('store', Array)
#19 C:\\Users\\Yoram\\Documents\\School\\wot\\bario\\Bario\\Back-end\\bario-api\\vendor\\laravel\\framework\\src\\Illuminate\\Routing\\Route.php(219): Illuminate\\Routing\\ControllerDispatcher->dispatch(Object(Illuminate\\Routing\\Route), Object(App\\Http\\Controllers\\API\\TagsController), 'store')
#20 C:\\Users\\Yoram\\Documents\\School\\wot\\bario\\Bario\\Back-end\\bario-api\\vendor\\laravel\\framework\\src\\Illuminate\\Routing\\Route.php(176): Illuminate\\Routing\\Route->runController()
#21 C:\\Users\\Yoram\\Documents\\School\\wot\\bario\\Bario\\Back-end\\bario-api\\vendor\\laravel\\framework\\src\\Illuminate\\Routing\\Router.php(680): Illuminate\\Routing\\Route->run()
#22 C:\\Users\\Yoram\\Documents\\School\\wot\\bario\\Bario\\Back-end\\bario-api\\vendor\\laravel\\framework\\src\\Illuminate\\Pipeline\\Pipeline.php(130): Illuminate\\Routing\\Router->Illuminate\\Routing\\{closure}(Object(Illuminate\\Http\\Request))
#23 C:\\Users\\Yoram\\Documents\\School\\wot\\bario\\Bario\\Back-end\\bario-api\\app\\Http\\Middleware\\AuthBasic.php(23): Illuminate\\Pipeline\\Pipeline->Illuminate\\Pipeline\\{closure}(Object(Illuminate\\Http\\Request))
#24 C:\\Users\\Yoram\\Documents\\School\\wot\\bario\\Bario\\Back-end\\bario-api\\vendor\\laravel\\framework\\src\\Illuminate\\Pipeline\\Pipeline.php(171): App\\Http\\Middleware\\AuthBasic->handle(Object(Illuminate\\Http\\Request), Object(Closure))
#25 C:\\Users\\Yoram\\Documents\\School\\wot\\bario\\Bario\\Back-end\\bario-api\\vendor\\laravel\\framework\\src\\Illuminate\\Routing\\Middleware\\SubstituteBindings.php(41): Illuminate\\Pipeline\\Pipeline->Illuminate\\Pipeline\\{closure}(Object(Illuminate\\Http\\Request))
#26 C:\\Users\\Yoram\\Documents\\School\\wot\\bario\\Bario\\Back-end\\bario-api\\vendor\\laravel\\framework\\src\\Illuminate\\Pipeline\\Pipeline.php(171): Illuminate\\Routing\\Middleware\\SubstituteBindings->handle(Object(Illuminate\\Http\\Request), Object(Closure))
#27 C:\\Users\\Yoram\\Documents\\School\\wot\\bario\\Bario\\Back-end\\bario-api\\vendor\\laravel\\framework\\src\\Illuminate\\Routing\\Middleware\\ThrottleRequests.php(59): Illuminate\\Pipeline\\Pipeline->Illuminate\\Pipeline\\{closure}(Object(Illuminate\\Http\\Request))
#28 C:\\Users\\Yoram\\Documents\\School\\wot\\bario\\Bario\\Back-end\\bario-api\\vendor\\laravel\\framework\\src\\Illuminate\\Pipeline\\Pipeline.php(171): Illuminate\\Routing\\Middleware\\ThrottleRequests->handle(Object(Illuminate\\Http\\Request), Object(Closure), 60, '1')
#29 C:\\Users\\Yoram\\Documents\\School\\wot\\bario\\Bario\\Back-end\\bario-api\\vendor\\laravel\\framework\\src\\Illuminate\\Pipeline\\Pipeline.php(105): Illuminate\\Pipeline\\Pipeline->Illuminate\\Pipeline\\{closure}(Object(Illuminate\\Http\\Request))
#30 C:\\Users\\Yoram\\Documents\\School\\wot\\bario\\Bario\\Back-end\\bario-api\\vendor\\laravel\\framework\\src\\Illuminate\\Routing\\Router.php(682): Illuminate\\Pipeline\\Pipeline->then(Object(Closure))
#31 C:\\Users\\Yoram\\Documents\\School\\wot\\bario\\Bario\\Back-end\\bario-api\\vendor\\laravel\\framework\\src\\Illuminate\\Routing\\Router.php(657): Illuminate\\Routing\\Router->runRouteWithinStack(Object(Illuminate\\Routing\\Route), Object(Illuminate\\Http\\Request))
#32 C:\\Users\\Yoram\\Documents\\School\\wot\\bario\\Bario\\Back-end\\bario-api\\vendor\\laravel\\framework\\src\\Illuminate\\Routing\\Router.php(623): Illuminate\\Routing\\Router->runRoute(Object(Illuminate\\Http\\Request), Object(Illuminate\\Routing\\Route))
#33 C:\\Users\\Yoram\\Documents\\School\\wot\\bario\\Bario\\Back-end\\bario-api\\vendor\\laravel\\framework\\src\\Illuminate\\Routing\\Router.php(612): Illuminate\\Routing\\Router->dispatchToRoute(Object(Illuminate\\Http\\Request))
#34 C:\\Users\\Yoram\\Documents\\School\\wot\\bario\\Bario\\Back-end\\bario-api\\vendor\\laravel\\framework\\src\\Illuminate\\Foundation\\Http\\Kernel.php(176): Illuminate\\Routing\\Router->dispatch(Object(Illuminate\\Http\\Request))
#35 C:\\Users\\Yoram\\Documents\\School\\wot\\bario\\Bario\\Back-end\\bario-api\\vendor\\laravel\\framework\\src\\Illuminate\\Pipeline\\Pipeline.php(130): Illuminate\\Foundation\\Http\\Kernel->Illuminate\\Foundation\\Http\\{closure}(Object(Illuminate\\Http\\Request))
#36 C:\\Users\\Yoram\\Documents\\School\\wot\\bario\\Bario\\Back-end\\bario-api\\vendor\\laravel\\framework\\src\\Illuminate\\Foundation\\Http\\Middleware\\TransformsRequest.php(21): Illuminate\\Pipeline\\Pipeline->Illuminate\\Pipeline\\{closure}(Object(Illuminate\\Http\\Request))
#37 C:\\Users\\Yoram\\Documents\\School\\wot\\bario\\Bario\\Back-end\\bario-api\\vendor\\laravel\\framework\\src\\Illuminate\\Pipeline\\Pipeline.php(171): Illuminate\\Foundation\\Http\\Middleware\\TransformsRequest->handle(Object(Illuminate\\Http\\Request), Object(Closure))
#38 C:\\Users\\Yoram\\Documents\\School\\wot\\bario\\Bario\\Back-end\\bario-api\\vendor\\laravel\\framework\\src\\Illuminate\\Foundation\\Http\\Middleware\\TransformsRequest.php(21): Illuminate\\Pipeline\\Pipeline->Illuminate\\Pipeline\\{closure}(Object(Illuminate\\Http\\Request))
#39 C:\\Users\\Yoram\\Documents\\School\\wot\\bario\\Bario\\Back-end\\bario-api\\vendor\\laravel\\framework\\src\\Illuminate\\Pipeline\\Pipeline.php(171): Illuminate\\Foundation\\Http\\Middleware\\TransformsRequest->handle(Object(Illuminate\\Http\\Request), Object(Closure))
#40 C:\\Users\\Yoram\\Documents\\School\\wot\\bario\\Bario\\Back-end\\bario-api\\vendor\\laravel\\framework\\src\\Illuminate\\Foundation\\Http\\Middleware\\ValidatePostSize.php(27): Illuminate\\Pipeline\\Pipeline->Illuminate\\Pipeline\\{closure}(Object(Illuminate\\Http\\Request))
#41 C:\\Users\\Yoram\\Documents\\School\\wot\\bario\\Bario\\Back-end\\bario-api\\vendor\\laravel\\framework\\src\\Illuminate\\Pipeline\\Pipeline.php(171): Illuminate\\Foundation\\Http\\Middleware\\ValidatePostSize->handle(Object(Illuminate\\Http\\Request), Object(Closure))
#42 C:\\Users\\Yoram\\Documents\\School\\wot\\bario\\Bario\\Back-end\\bario-api\\vendor\\laravel\\framework\\src\\Illuminate\\Foundation\\Http\\Middleware\\CheckForMaintenanceMode.php(62): Illuminate\\Pipeline\\Pipeline->Illuminate\\Pipeline\\{closure}(Object(Illuminate\\Http\\Request))
#43 C:\\Users\\Yoram\\Documents\\School\\wot\\bario\\Bario\\Back-end\\bario-api\\vendor\\laravel\\framework\\src\\Illuminate\\Pipeline\\Pipeline.php(171): Illuminate\\Foundation\\Http\\Middleware\\CheckForMaintenanceMode->handle(Object(Illuminate\\Http\\Request), Object(Closure))
#44 C:\\Users\\Yoram\\Documents\\School\\wot\\bario\\Bario\\Back-end\\bario-api\\vendor\\fideloper\\proxy\\src\\TrustProxies.php(57): Illuminate\\Pipeline\\Pipeline->Illuminate\\Pipeline\\{closure}(Object(Illuminate\\Http\\Request))
#45 C:\\Users\\Yoram\\Documents\\School\\wot\\bario\\Bario\\Back-end\\bario-api\\vendor\\laravel\\framework\\src\\Illuminate\\Pipeline\\Pipeline.php(171): Fideloper\\Proxy\\TrustProxies->handle(Object(Illuminate\\Http\\Request), Object(Closure))
#46 C:\\Users\\Yoram\\Documents\\School\\wot\\bario\\Bario\\Back-end\\bario-api\\vendor\\laravel\\framework\\src\\Illuminate\\Pipeline\\Pipeline.php(105): Illuminate\\Pipeline\\Pipeline->Illuminate\\Pipeline\\{closure}(Object(Illuminate\\Http\\Request))
#47 C:\\Users\\Yoram\\Documents\\School\\wot\\bario\\Bario\\Back-end\\bario-api\\vendor\\laravel\\framework\\src\\Illuminate\\Foundation\\Http\\Kernel.php(151): Illuminate\\Pipeline\\Pipeline->then(Object(Closure))
#48 C:\\Users\\Yoram\\Documents\\School\\wot\\bario\\Bario\\Back-end\\bario-api\\vendor\\laravel\\framework\\src\\Illuminate\\Foundation\\Http\\Kernel.php(116): Illuminate\\Foundation\\Http\\Kernel->sendRequestThroughRouter(Object(Illuminate\\Http\\Request))
#49 C:\\Users\\Yoram\\Documents\\School\\wot\\bario\\Bario\\Back-end\\bario-api\\public\\index.php(55): Illuminate\\Foundation\\Http\\Kernel->handle(Object(Illuminate\\Http\\Request))
#50 C:\\Users\\Yoram\\Documents\\School\\wot\\bario\\Bario\\Back-end\\bario-api\\server.php(21): require_once('C:\\\\Users\\\\Yoram\\\\...')
#51 {main}

[previous exception] [object] (PDOException(code: 23000): SQLSTATE[23000]: Integrity constraint violation: 1062 Duplicate entry 'test-taggertje' for key 'tags_name_unique' at C:\\Users\\Yoram\\Documents\\School\\wot\\bario\\Bario\\Back-end\\bario-api\\vendor\\laravel\\framework\\src\\Illuminate\\Database\\Connection.php:459)
[stacktrace]
#0 C:\\Users\\Yoram\\Documents\\School\\wot\\bario\\Bario\\Back-end\\bario-api\\vendor\\laravel\\framework\\src\\Illuminate\\Database\\Connection.php(459): PDOStatement->execute()
#1 C:\\Users\\Yoram\\Documents\\School\\wot\\bario\\Bario\\Back-end\\bario-api\\vendor\\laravel\\framework\\src\\Illuminate\\Database\\Connection.php(658): Illuminate\\Database\\Connection->Illuminate\\Database\\{closure}('insert into `ta...', Array)
#2 C:\\Users\\Yoram\\Documents\\School\\wot\\bario\\Bario\\Back-end\\bario-api\\vendor\\laravel\\framework\\src\\Illuminate\\Database\\Connection.php(625): Illuminate\\Database\\Connection->runQueryCallback('insert into `ta...', Array, Object(Closure))
#3 C:\\Users\\Yoram\\Documents\\School\\wot\\bario\\Bario\\Back-end\\bario-api\\vendor\\laravel\\framework\\src\\Illuminate\\Database\\Connection.php(460): Illuminate\\Database\\Connection->run('insert into `ta...', Array, Object(Closure))
#4 C:\\Users\\Yoram\\Documents\\School\\wot\\bario\\Bario\\Back-end\\bario-api\\vendor\\laravel\\framework\\src\\Illuminate\\Database\\Connection.php(412): Illuminate\\Database\\Connection->statement('insert into `ta...', Array)
#5 C:\\Users\\Yoram\\Documents\\School\\wot\\bario\\Bario\\Back-end\\bario-api\\vendor\\laravel\\framework\\src\\Illuminate\\Database\\Query\\Processors\\Processor.php(32): Illuminate\\Database\\Connection->insert('insert into `ta...', Array)
#6 C:\\Users\\Yoram\\Documents\\School\\wot\\bario\\Bario\\Back-end\\bario-api\\vendor\\laravel\\framework\\src\\Illuminate\\Database\\Query\\Builder.php(2670): Illuminate\\Database\\Query\\Processors\\Processor->processInsertGetId(Object(Illuminate\\Database\\Query\\Builder), 'insert into `ta...', Array, 'id')
#7 C:\\Users\\Yoram\\Documents\\School\\wot\\bario\\Bario\\Back-end\\bario-api\\vendor\\laravel\\framework\\src\\Illuminate\\Database\\Eloquent\\Builder.php(1350): Illuminate\\Database\\Query\\Builder->insertGetId(Array, 'id')
#8 C:\\Users\\Yoram\\Documents\\School\\wot\\bario\\Bario\\Back-end\\bario-api\\vendor\\laravel\\framework\\src\\Illuminate\\Database\\Eloquent\\Model.php(839): Illuminate\\Database\\Eloquent\\Builder->__call('insertGetId', Array)
#9 C:\\Users\\Yoram\\Documents\\School\\wot\\bario\\Bario\\Back-end\\bario-api\\vendor\\laravel\\framework\\src\\Illuminate\\Database\\Eloquent\\Model.php(804): Illuminate\\Database\\Eloquent\\Model->insertAndSetId(Object(Illuminate\\Database\\Eloquent\\Builder), Array)
#10 C:\\Users\\Yoram\\Documents\\School\\wot\\bario\\Bario\\Back-end\\bario-api\\vendor\\laravel\\framework\\src\\Illuminate\\Database\\Eloquent\\Model.php(667): Illuminate\\Database\\Eloquent\\Model->performInsert(Object(Illuminate\\Database\\Eloquent\\Builder))
#11 C:\\Users\\Yoram\\Documents\\School\\wot\\bario\\Bario\\Back-end\\bario-api\\vendor\\laravel\\framework\\src\\Illuminate\\Database\\Eloquent\\Builder.php(749): Illuminate\\Database\\Eloquent\\Model->save()
#12 C:\\Users\\Yoram\\Documents\\School\\wot\\bario\\Bario\\Back-end\\bario-api\\vendor\\laravel\\framework\\src\\Illuminate\\Support\\helpers.php(422): Illuminate\\Database\\Eloquent\\Builder->Illuminate\\Database\\Eloquent\\{closure}(Object(App\\Models\\Tags))
#13 C:\\Users\\Yoram\\Documents\\School\\wot\\bario\\Bario\\Back-end\\bario-api\\vendor\\laravel\\framework\\src\\Illuminate\\Database\\Eloquent\\Builder.php(750): tap(Object(App\\Models\\Tags), Object(Closure))
#14 C:\\Users\\Yoram\\Documents\\School\\wot\\bario\\Bario\\Back-end\\bario-api\\vendor\\laravel\\framework\\src\\Illuminate\\Support\\Traits\\ForwardsCalls.php(23): Illuminate\\Database\\Eloquent\\Builder->create(Array)
#15 C:\\Users\\Yoram\\Documents\\School\\wot\\bario\\Bario\\Back-end\\bario-api\\vendor\\laravel\\framework\\src\\Illuminate\\Database\\Eloquent\\Model.php(1618): Illuminate\\Database\\Eloquent\\Model->forwardCallTo(Object(Illuminate\\Database\\Eloquent\\Builder), 'create', Array)
#16 C:\\Users\\Yoram\\Documents\\School\\wot\\bario\\Bario\\Back-end\\bario-api\\vendor\\laravel\\framework\\src\\Illuminate\\Database\\Eloquent\\Model.php(1630): Illuminate\\Database\\Eloquent\\Model->__call('create', Array)
#17 C:\\Users\\Yoram\\Documents\\School\\wot\\bario\\Bario\\Back-end\\bario-api\\app\\Http\\Controllers\\API\\TagsController.php(55): Illuminate\\Database\\Eloquent\\Model::__callStatic('create', Array)
#18 [internal function]: App\\Http\\Controllers\\API\\TagsController->store(Object(Illuminate\\Http\\Request))
#19 C:\\Users\\Yoram\\Documents\\School\\wot\\bario\\Bario\\Back-end\\bario-api\\vendor\\laravel\\framework\\src\\Illuminate\\Routing\\Controller.php(54): call_user_func_array(Array, Array)
#20 C:\\Users\\Yoram\\Documents\\School\\wot\\bario\\Bario\\Back-end\\bario-api\\vendor\\laravel\\framework\\src\\Illuminate\\Routing\\ControllerDispatcher.php(45): Illuminate\\Routing\\Controller->callAction('store', Array)
#21 C:\\Users\\Yoram\\Documents\\School\\wot\\bario\\Bario\\Back-end\\bario-api\\vendor\\laravel\\framework\\src\\Illuminate\\Routing\\Route.php(219): Illuminate\\Routing\\ControllerDispatcher->dispatch(Object(Illuminate\\Routing\\Route), Object(App\\Http\\Controllers\\API\\TagsController), 'store')
#22 C:\\Users\\Yoram\\Documents\\School\\wot\\bario\\Bario\\Back-end\\bario-api\\vendor\\laravel\\framework\\src\\Illuminate\\Routing\\Route.php(176): Illuminate\\Routing\\Route->runController()
#23 C:\\Users\\Yoram\\Documents\\School\\wot\\bario\\Bario\\Back-end\\bario-api\\vendor\\laravel\\framework\\src\\Illuminate\\Routing\\Router.php(680): Illuminate\\Routing\\Route->run()
#24 C:\\Users\\Yoram\\Documents\\School\\wot\\bario\\Bario\\Back-end\\bario-api\\vendor\\laravel\\framework\\src\\Illuminate\\Pipeline\\Pipeline.php(130): Illuminate\\Routing\\Router->Illuminate\\Routing\\{closure}(Object(Illuminate\\Http\\Request))
#25 C:\\Users\\Yoram\\Documents\\School\\wot\\bario\\Bario\\Back-end\\bario-api\\app\\Http\\Middleware\\AuthBasic.php(23): Illuminate\\Pipeline\\Pipeline->Illuminate\\Pipeline\\{closure}(Object(Illuminate\\Http\\Request))
#26 C:\\Users\\Yoram\\Documents\\School\\wot\\bario\\Bario\\Back-end\\bario-api\\vendor\\laravel\\framework\\src\\Illuminate\\Pipeline\\Pipeline.php(171): App\\Http\\Middleware\\AuthBasic->handle(Object(Illuminate\\Http\\Request), Object(Closure))
#27 C:\\Users\\Yoram\\Documents\\School\\wot\\bario\\Bario\\Back-end\\bario-api\\vendor\\laravel\\framework\\src\\Illuminate\\Routing\\Middleware\\SubstituteBindings.php(41): Illuminate\\Pipeline\\Pipeline->Illuminate\\Pipeline\\{closure}(Object(Illuminate\\Http\\Request))
#28 C:\\Users\\Yoram\\Documents\\School\\wot\\bario\\Bario\\Back-end\\bario-api\\vendor\\laravel\\framework\\src\\Illuminate\\Pipeline\\Pipeline.php(171): Illuminate\\Routing\\Middleware\\SubstituteBindings->handle(Object(Illuminate\\Http\\Request), Object(Closure))
#29 C:\\Users\\Yoram\\Documents\\School\\wot\\bario\\Bario\\Back-end\\bario-api\\vendor\\laravel\\framework\\src\\Illuminate\\Routing\\Middleware\\ThrottleRequests.php(59): Illuminate\\Pipeline\\Pipeline->Illuminate\\Pipeline\\{closure}(Object(Illuminate\\Http\\Request))
#30 C:\\Users\\Yoram\\Documents\\School\\wot\\bario\\Bario\\Back-end\\bario-api\\vendor\\laravel\\framework\\src\\Illuminate\\Pipeline\\Pipeline.php(171): Illuminate\\Routing\\Middleware\\ThrottleRequests->handle(Object(Illuminate\\Http\\Request), Object(Closure), 60, '1')
#31 C:\\Users\\Yoram\\Documents\\School\\wot\\bario\\Bario\\Back-end\\bario-api\\vendor\\laravel\\framework\\src\\Illuminate\\Pipeline\\Pipeline.php(105): Illuminate\\Pipeline\\Pipeline->Illuminate\\Pipeline\\{closure}(Object(Illuminate\\Http\\Request))
#32 C:\\Users\\Yoram\\Documents\\School\\wot\\bario\\Bario\\Back-end\\bario-api\\vendor\\laravel\\framework\\src\\Illuminate\\Routing\\Router.php(682): Illuminate\\Pipeline\\Pipeline->then(Object(Closure))
#33 C:\\Users\\Yoram\\Documents\\School\\wot\\bario\\Bario\\Back-end\\bario-api\\vendor\\laravel\\framework\\src\\Illuminate\\Routing\\Router.php(657): Illuminate\\Routing\\Router->runRouteWithinStack(Object(Illuminate\\Routing\\Route), Object(Illuminate\\Http\\Request))
#34 C:\\Users\\Yoram\\Documents\\School\\wot\\bario\\Bario\\Back-end\\bario-api\\vendor\\laravel\\framework\\src\\Illuminate\\Routing\\Router.php(623): Illuminate\\Routing\\Router->runRoute(Object(Illuminate\\Http\\Request), Object(Illuminate\\Routing\\Route))
#35 C:\\Users\\Yoram\\Documents\\School\\wot\\bario\\Bario\\Back-end\\bario-api\\vendor\\laravel\\framework\\src\\Illuminate\\Routing\\Router.php(612): Illuminate\\Routing\\Router->dispatchToRoute(Object(Illuminate\\Http\\Request))
#36 C:\\Users\\Yoram\\Documents\\School\\wot\\bario\\Bario\\Back-end\\bario-api\\vendor\\laravel\\framework\\src\\Illuminate\\Foundation\\Http\\Kernel.php(176): Illuminate\\Routing\\Router->dispatch(Object(Illuminate\\Http\\Request))
#37 C:\\Users\\Yoram\\Documents\\School\\wot\\bario\\Bario\\Back-end\\bario-api\\vendor\\laravel\\framework\\src\\Illuminate\\Pipeline\\Pipeline.php(130): Illuminate\\Foundation\\Http\\Kernel->Illuminate\\Foundation\\Http\\{closure}(Object(Illuminate\\Http\\Request))
#38 C:\\Users\\Yoram\\Documents\\School\\wot\\bario\\Bario\\Back-end\\bario-api\\vendor\\laravel\\framework\\src\\Illuminate\\Foundation\\Http\\Middleware\\TransformsRequest.php(21): Illuminate\\Pipeline\\Pipeline->Illuminate\\Pipeline\\{closure}(Object(Illuminate\\Http\\Request))
#39 C:\\Users\\Yoram\\Documents\\School\\wot\\bario\\Bario\\Back-end\\bario-api\\vendor\\laravel\\framework\\src\\Illuminate\\Pipeline\\Pipeline.php(171): Illuminate\\Foundation\\Http\\Middleware\\TransformsRequest->handle(Object(Illuminate\\Http\\Request), Object(Closure))
#40 C:\\Users\\Yoram\\Documents\\School\\wot\\bario\\Bario\\Back-end\\bario-api\\vendor\\laravel\\framework\\src\\Illuminate\\Foundation\\Http\\Middleware\\TransformsRequest.php(21): Illuminate\\Pipeline\\Pipeline->Illuminate\\Pipeline\\{closure}(Object(Illuminate\\Http\\Request))
#41 C:\\Users\\Yoram\\Documents\\School\\wot\\bario\\Bario\\Back-end\\bario-api\\vendor\\laravel\\framework\\src\\Illuminate\\Pipeline\\Pipeline.php(171): Illuminate\\Foundation\\Http\\Middleware\\TransformsRequest->handle(Object(Illuminate\\Http\\Request), Object(Closure))
#42 C:\\Users\\Yoram\\Documents\\School\\wot\\bario\\Bario\\Back-end\\bario-api\\vendor\\laravel\\framework\\src\\Illuminate\\Foundation\\Http\\Middleware\\ValidatePostSize.php(27): Illuminate\\Pipeline\\Pipeline->Illuminate\\Pipeline\\{closure}(Object(Illuminate\\Http\\Request))
#43 C:\\Users\\Yoram\\Documents\\School\\wot\\bario\\Bario\\Back-end\\bario-api\\vendor\\laravel\\framework\\src\\Illuminate\\Pipeline\\Pipeline.php(171): Illuminate\\Foundation\\Http\\Middleware\\ValidatePostSize->handle(Object(Illuminate\\Http\\Request), Object(Closure))
#44 C:\\Users\\Yoram\\Documents\\School\\wot\\bario\\Bario\\Back-end\\bario-api\\vendor\\laravel\\framework\\src\\Illuminate\\Foundation\\Http\\Middleware\\CheckForMaintenanceMode.php(62): Illuminate\\Pipeline\\Pipeline->Illuminate\\Pipeline\\{closure}(Object(Illuminate\\Http\\Request))
#45 C:\\Users\\Yoram\\Documents\\School\\wot\\bario\\Bario\\Back-end\\bario-api\\vendor\\laravel\\framework\\src\\Illuminate\\Pipeline\\Pipeline.php(171): Illuminate\\Foundation\\Http\\Middleware\\CheckForMaintenanceMode->handle(Object(Illuminate\\Http\\Request), Object(Closure))
#46 C:\\Users\\Yoram\\Documents\\School\\wot\\bario\\Bario\\Back-end\\bario-api\\vendor\\fideloper\\proxy\\src\\TrustProxies.php(57): Illuminate\\Pipeline\\Pipeline->Illuminate\\Pipeline\\{closure}(Object(Illuminate\\Http\\Request))
#47 C:\\Users\\Yoram\\Documents\\School\\wot\\bario\\Bario\\Back-end\\bario-api\\vendor\\laravel\\framework\\src\\Illuminate\\Pipeline\\Pipeline.php(171): Fideloper\\Proxy\\TrustProxies->handle(Object(Illuminate\\Http\\Request), Object(Closure))
#48 C:\\Users\\Yoram\\Documents\\School\\wot\\bario\\Bario\\Back-end\\bario-api\\vendor\\laravel\\framework\\src\\Illuminate\\Pipeline\\Pipeline.php(105): Illuminate\\Pipeline\\Pipeline->Illuminate\\Pipeline\\{closure}(Object(Illuminate\\Http\\Request))
#49 C:\\Users\\Yoram\\Documents\\School\\wot\\bario\\Bario\\Back-end\\bario-api\\vendor\\laravel\\framework\\src\\Illuminate\\Foundation\\Http\\Kernel.php(151): Illuminate\\Pipeline\\Pipeline->then(Object(Closure))
#50 C:\\Users\\Yoram\\Documents\\School\\wot\\bario\\Bario\\Back-end\\bario-api\\vendor\\laravel\\framework\\src\\Illuminate\\Foundation\\Http\\Kernel.php(116): Illuminate\\Foundation\\Http\\Kernel->sendRequestThroughRouter(Object(Illuminate\\Http\\Request))
#51 C:\\Users\\Yoram\\Documents\\School\\wot\\bario\\Bario\\Back-end\\bario-api\\public\\index.php(55): Illuminate\\Foundation\\Http\\Kernel->handle(Object(Illuminate\\Http\\Request))
#52 C:\\Users\\Yoram\\Documents\\School\\wot\\bario\\Bario\\Back-end\\bario-api\\server.php(21): require_once('C:\\\\Users\\\\Yoram\\\\...')
#53 {main}
"} 
[2019-12-09 09:28:18] local.ERROR: SQLSTATE[23000]: Integrity constraint violation: 1062 Duplicate entry 'test-taggertje' for key 'tags_name_unique' (SQL: insert into `tags` (`name`, `category_id`, `updated_at`, `created_at`) values (test-taggertje, 1, 2019-12-09 09:28:18, 2019-12-09 09:28:18)) {"userId":1,"exception":"[object] (Illuminate\\Database\\QueryException(code: 23000): SQLSTATE[23000]: Integrity constraint violation: 1062 Duplicate entry 'test-taggertje' for key 'tags_name_unique' (SQL: insert into `tags` (`name`, `category_id`, `updated_at`, `created_at`) values (test-taggertje, 1, 2019-12-09 09:28:18, 2019-12-09 09:28:18)) at C:\\Users\\Yoram\\Documents\\School\\wot\\bario\\Bario\\Back-end\\bario-api\\vendor\\laravel\\framework\\src\\Illuminate\\Database\\Connection.php:665)
[stacktrace]
#0 C:\\Users\\Yoram\\Documents\\School\\wot\\bario\\Bario\\Back-end\\bario-api\\vendor\\laravel\\framework\\src\\Illuminate\\Database\\Connection.php(625): Illuminate\\Database\\Connection->runQueryCallback('insert into `ta...', Array, Object(Closure))
#1 C:\\Users\\Yoram\\Documents\\School\\wot\\bario\\Bario\\Back-end\\bario-api\\vendor\\laravel\\framework\\src\\Illuminate\\Database\\Connection.php(460): Illuminate\\Database\\Connection->run('insert into `ta...', Array, Object(Closure))
#2 C:\\Users\\Yoram\\Documents\\School\\wot\\bario\\Bario\\Back-end\\bario-api\\vendor\\laravel\\framework\\src\\Illuminate\\Database\\Connection.php(412): Illuminate\\Database\\Connection->statement('insert into `ta...', Array)
#3 C:\\Users\\Yoram\\Documents\\School\\wot\\bario\\Bario\\Back-end\\bario-api\\vendor\\laravel\\framework\\src\\Illuminate\\Database\\Query\\Processors\\Processor.php(32): Illuminate\\Database\\Connection->insert('insert into `ta...', Array)
#4 C:\\Users\\Yoram\\Documents\\School\\wot\\bario\\Bario\\Back-end\\bario-api\\vendor\\laravel\\framework\\src\\Illuminate\\Database\\Query\\Builder.php(2670): Illuminate\\Database\\Query\\Processors\\Processor->processInsertGetId(Object(Illuminate\\Database\\Query\\Builder), 'insert into `ta...', Array, 'id')
#5 C:\\Users\\Yoram\\Documents\\School\\wot\\bario\\Bario\\Back-end\\bario-api\\vendor\\laravel\\framework\\src\\Illuminate\\Database\\Eloquent\\Builder.php(1350): Illuminate\\Database\\Query\\Builder->insertGetId(Array, 'id')
#6 C:\\Users\\Yoram\\Documents\\School\\wot\\bario\\Bario\\Back-end\\bario-api\\vendor\\laravel\\framework\\src\\Illuminate\\Database\\Eloquent\\Model.php(839): Illuminate\\Database\\Eloquent\\Builder->__call('insertGetId', Array)
#7 C:\\Users\\Yoram\\Documents\\School\\wot\\bario\\Bario\\Back-end\\bario-api\\vendor\\laravel\\framework\\src\\Illuminate\\Database\\Eloquent\\Model.php(804): Illuminate\\Database\\Eloquent\\Model->insertAndSetId(Object(Illuminate\\Database\\Eloquent\\Builder), Array)
#8 C:\\Users\\Yoram\\Documents\\School\\wot\\bario\\Bario\\Back-end\\bario-api\\vendor\\laravel\\framework\\src\\Illuminate\\Database\\Eloquent\\Model.php(667): Illuminate\\Database\\Eloquent\\Model->performInsert(Object(Illuminate\\Database\\Eloquent\\Builder))
#9 C:\\Users\\Yoram\\Documents\\School\\wot\\bario\\Bario\\Back-end\\bario-api\\vendor\\laravel\\framework\\src\\Illuminate\\Database\\Eloquent\\Builder.php(749): Illuminate\\Database\\Eloquent\\Model->save()
#10 C:\\Users\\Yoram\\Documents\\School\\wot\\bario\\Bario\\Back-end\\bario-api\\vendor\\laravel\\framework\\src\\Illuminate\\Support\\helpers.php(422): Illuminate\\Database\\Eloquent\\Builder->Illuminate\\Database\\Eloquent\\{closure}(Object(App\\Models\\Tags))
#11 C:\\Users\\Yoram\\Documents\\School\\wot\\bario\\Bario\\Back-end\\bario-api\\vendor\\laravel\\framework\\src\\Illuminate\\Database\\Eloquent\\Builder.php(750): tap(Object(App\\Models\\Tags), Object(Closure))
#12 C:\\Users\\Yoram\\Documents\\School\\wot\\bario\\Bario\\Back-end\\bario-api\\vendor\\laravel\\framework\\src\\Illuminate\\Support\\Traits\\ForwardsCalls.php(23): Illuminate\\Database\\Eloquent\\Builder->create(Array)
#13 C:\\Users\\Yoram\\Documents\\School\\wot\\bario\\Bario\\Back-end\\bario-api\\vendor\\laravel\\framework\\src\\Illuminate\\Database\\Eloquent\\Model.php(1618): Illuminate\\Database\\Eloquent\\Model->forwardCallTo(Object(Illuminate\\Database\\Eloquent\\Builder), 'create', Array)
#14 C:\\Users\\Yoram\\Documents\\School\\wot\\bario\\Bario\\Back-end\\bario-api\\vendor\\laravel\\framework\\src\\Illuminate\\Database\\Eloquent\\Model.php(1630): Illuminate\\Database\\Eloquent\\Model->__call('create', Array)
#15 C:\\Users\\Yoram\\Documents\\School\\wot\\bario\\Bario\\Back-end\\bario-api\\app\\Http\\Controllers\\API\\TagsController.php(55): Illuminate\\Database\\Eloquent\\Model::__callStatic('create', Array)
#16 [internal function]: App\\Http\\Controllers\\API\\TagsController->store(Object(Illuminate\\Http\\Request))
#17 C:\\Users\\Yoram\\Documents\\School\\wot\\bario\\Bario\\Back-end\\bario-api\\vendor\\laravel\\framework\\src\\Illuminate\\Routing\\Controller.php(54): call_user_func_array(Array, Array)
#18 C:\\Users\\Yoram\\Documents\\School\\wot\\bario\\Bario\\Back-end\\bario-api\\vendor\\laravel\\framework\\src\\Illuminate\\Routing\\ControllerDispatcher.php(45): Illuminate\\Routing\\Controller->callAction('store', Array)
#19 C:\\Users\\Yoram\\Documents\\School\\wot\\bario\\Bario\\Back-end\\bario-api\\vendor\\laravel\\framework\\src\\Illuminate\\Routing\\Route.php(219): Illuminate\\Routing\\ControllerDispatcher->dispatch(Object(Illuminate\\Routing\\Route), Object(App\\Http\\Controllers\\API\\TagsController), 'store')
#20 C:\\Users\\Yoram\\Documents\\School\\wot\\bario\\Bario\\Back-end\\bario-api\\vendor\\laravel\\framework\\src\\Illuminate\\Routing\\Route.php(176): Illuminate\\Routing\\Route->runController()
#21 C:\\Users\\Yoram\\Documents\\School\\wot\\bario\\Bario\\Back-end\\bario-api\\vendor\\laravel\\framework\\src\\Illuminate\\Routing\\Router.php(680): Illuminate\\Routing\\Route->run()
#22 C:\\Users\\Yoram\\Documents\\School\\wot\\bario\\Bario\\Back-end\\bario-api\\vendor\\laravel\\framework\\src\\Illuminate\\Pipeline\\Pipeline.php(130): Illuminate\\Routing\\Router->Illuminate\\Routing\\{closure}(Object(Illuminate\\Http\\Request))
#23 C:\\Users\\Yoram\\Documents\\School\\wot\\bario\\Bario\\Back-end\\bario-api\\app\\Http\\Middleware\\AuthBasic.php(23): Illuminate\\Pipeline\\Pipeline->Illuminate\\Pipeline\\{closure}(Object(Illuminate\\Http\\Request))
#24 C:\\Users\\Yoram\\Documents\\School\\wot\\bario\\Bario\\Back-end\\bario-api\\vendor\\laravel\\framework\\src\\Illuminate\\Pipeline\\Pipeline.php(171): App\\Http\\Middleware\\AuthBasic->handle(Object(Illuminate\\Http\\Request), Object(Closure))
#25 C:\\Users\\Yoram\\Documents\\School\\wot\\bario\\Bario\\Back-end\\bario-api\\vendor\\laravel\\framework\\src\\Illuminate\\Routing\\Middleware\\SubstituteBindings.php(41): Illuminate\\Pipeline\\Pipeline->Illuminate\\Pipeline\\{closure}(Object(Illuminate\\Http\\Request))
#26 C:\\Users\\Yoram\\Documents\\School\\wot\\bario\\Bario\\Back-end\\bario-api\\vendor\\laravel\\framework\\src\\Illuminate\\Pipeline\\Pipeline.php(171): Illuminate\\Routing\\Middleware\\SubstituteBindings->handle(Object(Illuminate\\Http\\Request), Object(Closure))
#27 C:\\Users\\Yoram\\Documents\\School\\wot\\bario\\Bario\\Back-end\\bario-api\\vendor\\laravel\\framework\\src\\Illuminate\\Routing\\Middleware\\ThrottleRequests.php(59): Illuminate\\Pipeline\\Pipeline->Illuminate\\Pipeline\\{closure}(Object(Illuminate\\Http\\Request))
#28 C:\\Users\\Yoram\\Documents\\School\\wot\\bario\\Bario\\Back-end\\bario-api\\vendor\\laravel\\framework\\src\\Illuminate\\Pipeline\\Pipeline.php(171): Illuminate\\Routing\\Middleware\\ThrottleRequests->handle(Object(Illuminate\\Http\\Request), Object(Closure), 60, '1')
#29 C:\\Users\\Yoram\\Documents\\School\\wot\\bario\\Bario\\Back-end\\bario-api\\vendor\\laravel\\framework\\src\\Illuminate\\Pipeline\\Pipeline.php(105): Illuminate\\Pipeline\\Pipeline->Illuminate\\Pipeline\\{closure}(Object(Illuminate\\Http\\Request))
#30 C:\\Users\\Yoram\\Documents\\School\\wot\\bario\\Bario\\Back-end\\bario-api\\vendor\\laravel\\framework\\src\\Illuminate\\Routing\\Router.php(682): Illuminate\\Pipeline\\Pipeline->then(Object(Closure))
#31 C:\\Users\\Yoram\\Documents\\School\\wot\\bario\\Bario\\Back-end\\bario-api\\vendor\\laravel\\framework\\src\\Illuminate\\Routing\\Router.php(657): Illuminate\\Routing\\Router->runRouteWithinStack(Object(Illuminate\\Routing\\Route), Object(Illuminate\\Http\\Request))
#32 C:\\Users\\Yoram\\Documents\\School\\wot\\bario\\Bario\\Back-end\\bario-api\\vendor\\laravel\\framework\\src\\Illuminate\\Routing\\Router.php(623): Illuminate\\Routing\\Router->runRoute(Object(Illuminate\\Http\\Request), Object(Illuminate\\Routing\\Route))
#33 C:\\Users\\Yoram\\Documents\\School\\wot\\bario\\Bario\\Back-end\\bario-api\\vendor\\laravel\\framework\\src\\Illuminate\\Routing\\Router.php(612): Illuminate\\Routing\\Router->dispatchToRoute(Object(Illuminate\\Http\\Request))
#34 C:\\Users\\Yoram\\Documents\\School\\wot\\bario\\Bario\\Back-end\\bario-api\\vendor\\laravel\\framework\\src\\Illuminate\\Foundation\\Http\\Kernel.php(176): Illuminate\\Routing\\Router->dispatch(Object(Illuminate\\Http\\Request))
#35 C:\\Users\\Yoram\\Documents\\School\\wot\\bario\\Bario\\Back-end\\bario-api\\vendor\\laravel\\framework\\src\\Illuminate\\Pipeline\\Pipeline.php(130): Illuminate\\Foundation\\Http\\Kernel->Illuminate\\Foundation\\Http\\{closure}(Object(Illuminate\\Http\\Request))
#36 C:\\Users\\Yoram\\Documents\\School\\wot\\bario\\Bario\\Back-end\\bario-api\\vendor\\laravel\\framework\\src\\Illuminate\\Foundation\\Http\\Middleware\\TransformsRequest.php(21): Illuminate\\Pipeline\\Pipeline->Illuminate\\Pipeline\\{closure}(Object(Illuminate\\Http\\Request))
#37 C:\\Users\\Yoram\\Documents\\School\\wot\\bario\\Bario\\Back-end\\bario-api\\vendor\\laravel\\framework\\src\\Illuminate\\Pipeline\\Pipeline.php(171): Illuminate\\Foundation\\Http\\Middleware\\TransformsRequest->handle(Object(Illuminate\\Http\\Request), Object(Closure))
#38 C:\\Users\\Yoram\\Documents\\School\\wot\\bario\\Bario\\Back-end\\bario-api\\vendor\\laravel\\framework\\src\\Illuminate\\Foundation\\Http\\Middleware\\TransformsRequest.php(21): Illuminate\\Pipeline\\Pipeline->Illuminate\\Pipeline\\{closure}(Object(Illuminate\\Http\\Request))
#39 C:\\Users\\Yoram\\Documents\\School\\wot\\bario\\Bario\\Back-end\\bario-api\\vendor\\laravel\\framework\\src\\Illuminate\\Pipeline\\Pipeline.php(171): Illuminate\\Foundation\\Http\\Middleware\\TransformsRequest->handle(Object(Illuminate\\Http\\Request), Object(Closure))
#40 C:\\Users\\Yoram\\Documents\\School\\wot\\bario\\Bario\\Back-end\\bario-api\\vendor\\laravel\\framework\\src\\Illuminate\\Foundation\\Http\\Middleware\\ValidatePostSize.php(27): Illuminate\\Pipeline\\Pipeline->Illuminate\\Pipeline\\{closure}(Object(Illuminate\\Http\\Request))
#41 C:\\Users\\Yoram\\Documents\\School\\wot\\bario\\Bario\\Back-end\\bario-api\\vendor\\laravel\\framework\\src\\Illuminate\\Pipeline\\Pipeline.php(171): Illuminate\\Foundation\\Http\\Middleware\\ValidatePostSize->handle(Object(Illuminate\\Http\\Request), Object(Closure))
#42 C:\\Users\\Yoram\\Documents\\School\\wot\\bario\\Bario\\Back-end\\bario-api\\vendor\\laravel\\framework\\src\\Illuminate\\Foundation\\Http\\Middleware\\CheckForMaintenanceMode.php(62): Illuminate\\Pipeline\\Pipeline->Illuminate\\Pipeline\\{closure}(Object(Illuminate\\Http\\Request))
#43 C:\\Users\\Yoram\\Documents\\School\\wot\\bario\\Bario\\Back-end\\bario-api\\vendor\\laravel\\framework\\src\\Illuminate\\Pipeline\\Pipeline.php(171): Illuminate\\Foundation\\Http\\Middleware\\CheckForMaintenanceMode->handle(Object(Illuminate\\Http\\Request), Object(Closure))
#44 C:\\Users\\Yoram\\Documents\\School\\wot\\bario\\Bario\\Back-end\\bario-api\\vendor\\fideloper\\proxy\\src\\TrustProxies.php(57): Illuminate\\Pipeline\\Pipeline->Illuminate\\Pipeline\\{closure}(Object(Illuminate\\Http\\Request))
#45 C:\\Users\\Yoram\\Documents\\School\\wot\\bario\\Bario\\Back-end\\bario-api\\vendor\\laravel\\framework\\src\\Illuminate\\Pipeline\\Pipeline.php(171): Fideloper\\Proxy\\TrustProxies->handle(Object(Illuminate\\Http\\Request), Object(Closure))
#46 C:\\Users\\Yoram\\Documents\\School\\wot\\bario\\Bario\\Back-end\\bario-api\\vendor\\laravel\\framework\\src\\Illuminate\\Pipeline\\Pipeline.php(105): Illuminate\\Pipeline\\Pipeline->Illuminate\\Pipeline\\{closure}(Object(Illuminate\\Http\\Request))
#47 C:\\Users\\Yoram\\Documents\\School\\wot\\bario\\Bario\\Back-end\\bario-api\\vendor\\laravel\\framework\\src\\Illuminate\\Foundation\\Http\\Kernel.php(151): Illuminate\\Pipeline\\Pipeline->then(Object(Closure))
#48 C:\\Users\\Yoram\\Documents\\School\\wot\\bario\\Bario\\Back-end\\bario-api\\vendor\\laravel\\framework\\src\\Illuminate\\Foundation\\Http\\Kernel.php(116): Illuminate\\Foundation\\Http\\Kernel->sendRequestThroughRouter(Object(Illuminate\\Http\\Request))
#49 C:\\Users\\Yoram\\Documents\\School\\wot\\bario\\Bario\\Back-end\\bario-api\\public\\index.php(55): Illuminate\\Foundation\\Http\\Kernel->handle(Object(Illuminate\\Http\\Request))
#50 C:\\Users\\Yoram\\Documents\\School\\wot\\bario\\Bario\\Back-end\\bario-api\\server.php(21): require_once('C:\\\\Users\\\\Yoram\\\\...')
#51 {main}

[previous exception] [object] (PDOException(code: 23000): SQLSTATE[23000]: Integrity constraint violation: 1062 Duplicate entry 'test-taggertje' for key 'tags_name_unique' at C:\\Users\\Yoram\\Documents\\School\\wot\\bario\\Bario\\Back-end\\bario-api\\vendor\\laravel\\framework\\src\\Illuminate\\Database\\Connection.php:459)
[stacktrace]
#0 C:\\Users\\Yoram\\Documents\\School\\wot\\bario\\Bario\\Back-end\\bario-api\\vendor\\laravel\\framework\\src\\Illuminate\\Database\\Connection.php(459): PDOStatement->execute()
#1 C:\\Users\\Yoram\\Documents\\School\\wot\\bario\\Bario\\Back-end\\bario-api\\vendor\\laravel\\framework\\src\\Illuminate\\Database\\Connection.php(658): Illuminate\\Database\\Connection->Illuminate\\Database\\{closure}('insert into `ta...', Array)
#2 C:\\Users\\Yoram\\Documents\\School\\wot\\bario\\Bario\\Back-end\\bario-api\\vendor\\laravel\\framework\\src\\Illuminate\\Database\\Connection.php(625): Illuminate\\Database\\Connection->runQueryCallback('insert into `ta...', Array, Object(Closure))
#3 C:\\Users\\Yoram\\Documents\\School\\wot\\bario\\Bario\\Back-end\\bario-api\\vendor\\laravel\\framework\\src\\Illuminate\\Database\\Connection.php(460): Illuminate\\Database\\Connection->run('insert into `ta...', Array, Object(Closure))
#4 C:\\Users\\Yoram\\Documents\\School\\wot\\bario\\Bario\\Back-end\\bario-api\\vendor\\laravel\\framework\\src\\Illuminate\\Database\\Connection.php(412): Illuminate\\Database\\Connection->statement('insert into `ta...', Array)
#5 C:\\Users\\Yoram\\Documents\\School\\wot\\bario\\Bario\\Back-end\\bario-api\\vendor\\laravel\\framework\\src\\Illuminate\\Database\\Query\\Processors\\Processor.php(32): Illuminate\\Database\\Connection->insert('insert into `ta...', Array)
#6 C:\\Users\\Yoram\\Documents\\School\\wot\\bario\\Bario\\Back-end\\bario-api\\vendor\\laravel\\framework\\src\\Illuminate\\Database\\Query\\Builder.php(2670): Illuminate\\Database\\Query\\Processors\\Processor->processInsertGetId(Object(Illuminate\\Database\\Query\\Builder), 'insert into `ta...', Array, 'id')
#7 C:\\Users\\Yoram\\Documents\\School\\wot\\bario\\Bario\\Back-end\\bario-api\\vendor\\laravel\\framework\\src\\Illuminate\\Database\\Eloquent\\Builder.php(1350): Illuminate\\Database\\Query\\Builder->insertGetId(Array, 'id')
#8 C:\\Users\\Yoram\\Documents\\School\\wot\\bario\\Bario\\Back-end\\bario-api\\vendor\\laravel\\framework\\src\\Illuminate\\Database\\Eloquent\\Model.php(839): Illuminate\\Database\\Eloquent\\Builder->__call('insertGetId', Array)
#9 C:\\Users\\Yoram\\Documents\\School\\wot\\bario\\Bario\\Back-end\\bario-api\\vendor\\laravel\\framework\\src\\Illuminate\\Database\\Eloquent\\Model.php(804): Illuminate\\Database\\Eloquent\\Model->insertAndSetId(Object(Illuminate\\Database\\Eloquent\\Builder), Array)
#10 C:\\Users\\Yoram\\Documents\\School\\wot\\bario\\Bario\\Back-end\\bario-api\\vendor\\laravel\\framework\\src\\Illuminate\\Database\\Eloquent\\Model.php(667): Illuminate\\Database\\Eloquent\\Model->performInsert(Object(Illuminate\\Database\\Eloquent\\Builder))
#11 C:\\Users\\Yoram\\Documents\\School\\wot\\bario\\Bario\\Back-end\\bario-api\\vendor\\laravel\\framework\\src\\Illuminate\\Database\\Eloquent\\Builder.php(749): Illuminate\\Database\\Eloquent\\Model->save()
#12 C:\\Users\\Yoram\\Documents\\School\\wot\\bario\\Bario\\Back-end\\bario-api\\vendor\\laravel\\framework\\src\\Illuminate\\Support\\helpers.php(422): Illuminate\\Database\\Eloquent\\Builder->Illuminate\\Database\\Eloquent\\{closure}(Object(App\\Models\\Tags))
#13 C:\\Users\\Yoram\\Documents\\School\\wot\\bario\\Bario\\Back-end\\bario-api\\vendor\\laravel\\framework\\src\\Illuminate\\Database\\Eloquent\\Builder.php(750): tap(Object(App\\Models\\Tags), Object(Closure))
#14 C:\\Users\\Yoram\\Documents\\School\\wot\\bario\\Bario\\Back-end\\bario-api\\vendor\\laravel\\framework\\src\\Illuminate\\Support\\Traits\\ForwardsCalls.php(23): Illuminate\\Database\\Eloquent\\Builder->create(Array)
#15 C:\\Users\\Yoram\\Documents\\School\\wot\\bario\\Bario\\Back-end\\bario-api\\vendor\\laravel\\framework\\src\\Illuminate\\Database\\Eloquent\\Model.php(1618): Illuminate\\Database\\Eloquent\\Model->forwardCallTo(Object(Illuminate\\Database\\Eloquent\\Builder), 'create', Array)
#16 C:\\Users\\Yoram\\Documents\\School\\wot\\bario\\Bario\\Back-end\\bario-api\\vendor\\laravel\\framework\\src\\Illuminate\\Database\\Eloquent\\Model.php(1630): Illuminate\\Database\\Eloquent\\Model->__call('create', Array)
#17 C:\\Users\\Yoram\\Documents\\School\\wot\\bario\\Bario\\Back-end\\bario-api\\app\\Http\\Controllers\\API\\TagsController.php(55): Illuminate\\Database\\Eloquent\\Model::__callStatic('create', Array)
#18 [internal function]: App\\Http\\Controllers\\API\\TagsController->store(Object(Illuminate\\Http\\Request))
#19 C:\\Users\\Yoram\\Documents\\School\\wot\\bario\\Bario\\Back-end\\bario-api\\vendor\\laravel\\framework\\src\\Illuminate\\Routing\\Controller.php(54): call_user_func_array(Array, Array)
#20 C:\\Users\\Yoram\\Documents\\School\\wot\\bario\\Bario\\Back-end\\bario-api\\vendor\\laravel\\framework\\src\\Illuminate\\Routing\\ControllerDispatcher.php(45): Illuminate\\Routing\\Controller->callAction('store', Array)
#21 C:\\Users\\Yoram\\Documents\\School\\wot\\bario\\Bario\\Back-end\\bario-api\\vendor\\laravel\\framework\\src\\Illuminate\\Routing\\Route.php(219): Illuminate\\Routing\\ControllerDispatcher->dispatch(Object(Illuminate\\Routing\\Route), Object(App\\Http\\Controllers\\API\\TagsController), 'store')
#22 C:\\Users\\Yoram\\Documents\\School\\wot\\bario\\Bario\\Back-end\\bario-api\\vendor\\laravel\\framework\\src\\Illuminate\\Routing\\Route.php(176): Illuminate\\Routing\\Route->runController()
#23 C:\\Users\\Yoram\\Documents\\School\\wot\\bario\\Bario\\Back-end\\bario-api\\vendor\\laravel\\framework\\src\\Illuminate\\Routing\\Router.php(680): Illuminate\\Routing\\Route->run()
#24 C:\\Users\\Yoram\\Documents\\School\\wot\\bario\\Bario\\Back-end\\bario-api\\vendor\\laravel\\framework\\src\\Illuminate\\Pipeline\\Pipeline.php(130): Illuminate\\Routing\\Router->Illuminate\\Routing\\{closure}(Object(Illuminate\\Http\\Request))
#25 C:\\Users\\Yoram\\Documents\\School\\wot\\bario\\Bario\\Back-end\\bario-api\\app\\Http\\Middleware\\AuthBasic.php(23): Illuminate\\Pipeline\\Pipeline->Illuminate\\Pipeline\\{closure}(Object(Illuminate\\Http\\Request))
#26 C:\\Users\\Yoram\\Documents\\School\\wot\\bario\\Bario\\Back-end\\bario-api\\vendor\\laravel\\framework\\src\\Illuminate\\Pipeline\\Pipeline.php(171): App\\Http\\Middleware\\AuthBasic->handle(Object(Illuminate\\Http\\Request), Object(Closure))
#27 C:\\Users\\Yoram\\Documents\\School\\wot\\bario\\Bario\\Back-end\\bario-api\\vendor\\laravel\\framework\\src\\Illuminate\\Routing\\Middleware\\SubstituteBindings.php(41): Illuminate\\Pipeline\\Pipeline->Illuminate\\Pipeline\\{closure}(Object(Illuminate\\Http\\Request))
#28 C:\\Users\\Yoram\\Documents\\School\\wot\\bario\\Bario\\Back-end\\bario-api\\vendor\\laravel\\framework\\src\\Illuminate\\Pipeline\\Pipeline.php(171): Illuminate\\Routing\\Middleware\\SubstituteBindings->handle(Object(Illuminate\\Http\\Request), Object(Closure))
#29 C:\\Users\\Yoram\\Documents\\School\\wot\\bario\\Bario\\Back-end\\bario-api\\vendor\\laravel\\framework\\src\\Illuminate\\Routing\\Middleware\\ThrottleRequests.php(59): Illuminate\\Pipeline\\Pipeline->Illuminate\\Pipeline\\{closure}(Object(Illuminate\\Http\\Request))
#30 C:\\Users\\Yoram\\Documents\\School\\wot\\bario\\Bario\\Back-end\\bario-api\\vendor\\laravel\\framework\\src\\Illuminate\\Pipeline\\Pipeline.php(171): Illuminate\\Routing\\Middleware\\ThrottleRequests->handle(Object(Illuminate\\Http\\Request), Object(Closure), 60, '1')
#31 C:\\Users\\Yoram\\Documents\\School\\wot\\bario\\Bario\\Back-end\\bario-api\\vendor\\laravel\\framework\\src\\Illuminate\\Pipeline\\Pipeline.php(105): Illuminate\\Pipeline\\Pipeline->Illuminate\\Pipeline\\{closure}(Object(Illuminate\\Http\\Request))
#32 C:\\Users\\Yoram\\Documents\\School\\wot\\bario\\Bario\\Back-end\\bario-api\\vendor\\laravel\\framework\\src\\Illuminate\\Routing\\Router.php(682): Illuminate\\Pipeline\\Pipeline->then(Object(Closure))
#33 C:\\Users\\Yoram\\Documents\\School\\wot\\bario\\Bario\\Back-end\\bario-api\\vendor\\laravel\\framework\\src\\Illuminate\\Routing\\Router.php(657): Illuminate\\Routing\\Router->runRouteWithinStack(Object(Illuminate\\Routing\\Route), Object(Illuminate\\Http\\Request))
#34 C:\\Users\\Yoram\\Documents\\School\\wot\\bario\\Bario\\Back-end\\bario-api\\vendor\\laravel\\framework\\src\\Illuminate\\Routing\\Router.php(623): Illuminate\\Routing\\Router->runRoute(Object(Illuminate\\Http\\Request), Object(Illuminate\\Routing\\Route))
#35 C:\\Users\\Yoram\\Documents\\School\\wot\\bario\\Bario\\Back-end\\bario-api\\vendor\\laravel\\framework\\src\\Illuminate\\Routing\\Router.php(612): Illuminate\\Routing\\Router->dispatchToRoute(Object(Illuminate\\Http\\Request))
#36 C:\\Users\\Yoram\\Documents\\School\\wot\\bario\\Bario\\Back-end\\bario-api\\vendor\\laravel\\framework\\src\\Illuminate\\Foundation\\Http\\Kernel.php(176): Illuminate\\Routing\\Router->dispatch(Object(Illuminate\\Http\\Request))
#37 C:\\Users\\Yoram\\Documents\\School\\wot\\bario\\Bario\\Back-end\\bario-api\\vendor\\laravel\\framework\\src\\Illuminate\\Pipeline\\Pipeline.php(130): Illuminate\\Foundation\\Http\\Kernel->Illuminate\\Foundation\\Http\\{closure}(Object(Illuminate\\Http\\Request))
#38 C:\\Users\\Yoram\\Documents\\School\\wot\\bario\\Bario\\Back-end\\bario-api\\vendor\\laravel\\framework\\src\\Illuminate\\Foundation\\Http\\Middleware\\TransformsRequest.php(21): Illuminate\\Pipeline\\Pipeline->Illuminate\\Pipeline\\{closure}(Object(Illuminate\\Http\\Request))
#39 C:\\Users\\Yoram\\Documents\\School\\wot\\bario\\Bario\\Back-end\\bario-api\\vendor\\laravel\\framework\\src\\Illuminate\\Pipeline\\Pipeline.php(171): Illuminate\\Foundation\\Http\\Middleware\\TransformsRequest->handle(Object(Illuminate\\Http\\Request), Object(Closure))
#40 C:\\Users\\Yoram\\Documents\\School\\wot\\bario\\Bario\\Back-end\\bario-api\\vendor\\laravel\\framework\\src\\Illuminate\\Foundation\\Http\\Middleware\\TransformsRequest.php(21): Illuminate\\Pipeline\\Pipeline->Illuminate\\Pipeline\\{closure}(Object(Illuminate\\Http\\Request))
#41 C:\\Users\\Yoram\\Documents\\School\\wot\\bario\\Bario\\Back-end\\bario-api\\vendor\\laravel\\framework\\src\\Illuminate\\Pipeline\\Pipeline.php(171): Illuminate\\Foundation\\Http\\Middleware\\TransformsRequest->handle(Object(Illuminate\\Http\\Request), Object(Closure))
#42 C:\\Users\\Yoram\\Documents\\School\\wot\\bario\\Bario\\Back-end\\bario-api\\vendor\\laravel\\framework\\src\\Illuminate\\Foundation\\Http\\Middleware\\ValidatePostSize.php(27): Illuminate\\Pipeline\\Pipeline->Illuminate\\Pipeline\\{closure}(Object(Illuminate\\Http\\Request))
#43 C:\\Users\\Yoram\\Documents\\School\\wot\\bario\\Bario\\Back-end\\bario-api\\vendor\\laravel\\framework\\src\\Illuminate\\Pipeline\\Pipeline.php(171): Illuminate\\Foundation\\Http\\Middleware\\ValidatePostSize->handle(Object(Illuminate\\Http\\Request), Object(Closure))
#44 C:\\Users\\Yoram\\Documents\\School\\wot\\bario\\Bario\\Back-end\\bario-api\\vendor\\laravel\\framework\\src\\Illuminate\\Foundation\\Http\\Middleware\\CheckForMaintenanceMode.php(62): Illuminate\\Pipeline\\Pipeline->Illuminate\\Pipeline\\{closure}(Object(Illuminate\\Http\\Request))
#45 C:\\Users\\Yoram\\Documents\\School\\wot\\bario\\Bario\\Back-end\\bario-api\\vendor\\laravel\\framework\\src\\Illuminate\\Pipeline\\Pipeline.php(171): Illuminate\\Foundation\\Http\\Middleware\\CheckForMaintenanceMode->handle(Object(Illuminate\\Http\\Request), Object(Closure))
#46 C:\\Users\\Yoram\\Documents\\School\\wot\\bario\\Bario\\Back-end\\bario-api\\vendor\\fideloper\\proxy\\src\\TrustProxies.php(57): Illuminate\\Pipeline\\Pipeline->Illuminate\\Pipeline\\{closure}(Object(Illuminate\\Http\\Request))
#47 C:\\Users\\Yoram\\Documents\\School\\wot\\bario\\Bario\\Back-end\\bario-api\\vendor\\laravel\\framework\\src\\Illuminate\\Pipeline\\Pipeline.php(171): Fideloper\\Proxy\\TrustProxies->handle(Object(Illuminate\\Http\\Request), Object(Closure))
#48 C:\\Users\\Yoram\\Documents\\School\\wot\\bario\\Bario\\Back-end\\bario-api\\vendor\\laravel\\framework\\src\\Illuminate\\Pipeline\\Pipeline.php(105): Illuminate\\Pipeline\\Pipeline->Illuminate\\Pipeline\\{closure}(Object(Illuminate\\Http\\Request))
#49 C:\\Users\\Yoram\\Documents\\School\\wot\\bario\\Bario\\Back-end\\bario-api\\vendor\\laravel\\framework\\src\\Illuminate\\Foundation\\Http\\Kernel.php(151): Illuminate\\Pipeline\\Pipeline->then(Object(Closure))
#50 C:\\Users\\Yoram\\Documents\\School\\wot\\bario\\Bario\\Back-end\\bario-api\\vendor\\laravel\\framework\\src\\Illuminate\\Foundation\\Http\\Kernel.php(116): Illuminate\\Foundation\\Http\\Kernel->sendRequestThroughRouter(Object(Illuminate\\Http\\Request))
#51 C:\\Users\\Yoram\\Documents\\School\\wot\\bario\\Bario\\Back-end\\bario-api\\public\\index.php(55): Illuminate\\Foundation\\Http\\Kernel->handle(Object(Illuminate\\Http\\Request))
#52 C:\\Users\\Yoram\\Documents\\School\\wot\\bario\\Bario\\Back-end\\bario-api\\server.php(21): require_once('C:\\\\Users\\\\Yoram\\\\...')
#53 {main}
"} 
[2019-12-09 09:32:47] local.ERROR: Call to undefined function App\Http\Controllers\API\respone() {"userId":1,"exception":"[object] (Symfony\\Component\\Debug\\Exception\\FatalThrowableError(code: 0): Call to undefined function App\\Http\\Controllers\\API\espone() at C:\\Users\\Yoram\\Documents\\School\\wot\\bario\\Bario\\Back-end\\bario-api\\app\\Http\\Controllers\\API\\TagsController.php:141)
[stacktrace]
#0 [internal function]: App\\Http\\Controllers\\API\\TagsController->destroy('6')
#1 C:\\Users\\Yoram\\Documents\\School\\wot\\bario\\Bario\\Back-end\\bario-api\\vendor\\laravel\\framework\\src\\Illuminate\\Routing\\Controller.php(54): call_user_func_array(Array, Array)
#2 C:\\Users\\Yoram\\Documents\\School\\wot\\bario\\Bario\\Back-end\\bario-api\\vendor\\laravel\\framework\\src\\Illuminate\\Routing\\ControllerDispatcher.php(45): Illuminate\\Routing\\Controller->callAction('destroy', Array)
#3 C:\\Users\\Yoram\\Documents\\School\\wot\\bario\\Bario\\Back-end\\bario-api\\vendor\\laravel\\framework\\src\\Illuminate\\Routing\\Route.php(219): Illuminate\\Routing\\ControllerDispatcher->dispatch(Object(Illuminate\\Routing\\Route), Object(App\\Http\\Controllers\\API\\TagsController), 'destroy')
#4 C:\\Users\\Yoram\\Documents\\School\\wot\\bario\\Bario\\Back-end\\bario-api\\vendor\\laravel\\framework\\src\\Illuminate\\Routing\\Route.php(176): Illuminate\\Routing\\Route->runController()
#5 C:\\Users\\Yoram\\Documents\\School\\wot\\bario\\Bario\\Back-end\\bario-api\\vendor\\laravel\\framework\\src\\Illuminate\\Routing\\Router.php(680): Illuminate\\Routing\\Route->run()
#6 C:\\Users\\Yoram\\Documents\\School\\wot\\bario\\Bario\\Back-end\\bario-api\\vendor\\laravel\\framework\\src\\Illuminate\\Pipeline\\Pipeline.php(130): Illuminate\\Routing\\Router->Illuminate\\Routing\\{closure}(Object(Illuminate\\Http\\Request))
#7 C:\\Users\\Yoram\\Documents\\School\\wot\\bario\\Bario\\Back-end\\bario-api\\app\\Http\\Middleware\\AuthBasic.php(23): Illuminate\\Pipeline\\Pipeline->Illuminate\\Pipeline\\{closure}(Object(Illuminate\\Http\\Request))
#8 C:\\Users\\Yoram\\Documents\\School\\wot\\bario\\Bario\\Back-end\\bario-api\\vendor\\laravel\\framework\\src\\Illuminate\\Pipeline\\Pipeline.php(171): App\\Http\\Middleware\\AuthBasic->handle(Object(Illuminate\\Http\\Request), Object(Closure))
#9 C:\\Users\\Yoram\\Documents\\School\\wot\\bario\\Bario\\Back-end\\bario-api\\vendor\\laravel\\framework\\src\\Illuminate\\Routing\\Middleware\\SubstituteBindings.php(41): Illuminate\\Pipeline\\Pipeline->Illuminate\\Pipeline\\{closure}(Object(Illuminate\\Http\\Request))
#10 C:\\Users\\Yoram\\Documents\\School\\wot\\bario\\Bario\\Back-end\\bario-api\\vendor\\laravel\\framework\\src\\Illuminate\\Pipeline\\Pipeline.php(171): Illuminate\\Routing\\Middleware\\SubstituteBindings->handle(Object(Illuminate\\Http\\Request), Object(Closure))
#11 C:\\Users\\Yoram\\Documents\\School\\wot\\bario\\Bario\\Back-end\\bario-api\\vendor\\laravel\\framework\\src\\Illuminate\\Routing\\Middleware\\ThrottleRequests.php(59): Illuminate\\Pipeline\\Pipeline->Illuminate\\Pipeline\\{closure}(Object(Illuminate\\Http\\Request))
#12 C:\\Users\\Yoram\\Documents\\School\\wot\\bario\\Bario\\Back-end\\bario-api\\vendor\\laravel\\framework\\src\\Illuminate\\Pipeline\\Pipeline.php(171): Illuminate\\Routing\\Middleware\\ThrottleRequests->handle(Object(Illuminate\\Http\\Request), Object(Closure), 60, '1')
#13 C:\\Users\\Yoram\\Documents\\School\\wot\\bario\\Bario\\Back-end\\bario-api\\vendor\\laravel\\framework\\src\\Illuminate\\Pipeline\\Pipeline.php(105): Illuminate\\Pipeline\\Pipeline->Illuminate\\Pipeline\\{closure}(Object(Illuminate\\Http\\Request))
#14 C:\\Users\\Yoram\\Documents\\School\\wot\\bario\\Bario\\Back-end\\bario-api\\vendor\\laravel\\framework\\src\\Illuminate\\Routing\\Router.php(682): Illuminate\\Pipeline\\Pipeline->then(Object(Closure))
#15 C:\\Users\\Yoram\\Documents\\School\\wot\\bario\\Bario\\Back-end\\bario-api\\vendor\\laravel\\framework\\src\\Illuminate\\Routing\\Router.php(657): Illuminate\\Routing\\Router->runRouteWithinStack(Object(Illuminate\\Routing\\Route), Object(Illuminate\\Http\\Request))
#16 C:\\Users\\Yoram\\Documents\\School\\wot\\bario\\Bario\\Back-end\\bario-api\\vendor\\laravel\\framework\\src\\Illuminate\\Routing\\Router.php(623): Illuminate\\Routing\\Router->runRoute(Object(Illuminate\\Http\\Request), Object(Illuminate\\Routing\\Route))
#17 C:\\Users\\Yoram\\Documents\\School\\wot\\bario\\Bario\\Back-end\\bario-api\\vendor\\laravel\\framework\\src\\Illuminate\\Routing\\Router.php(612): Illuminate\\Routing\\Router->dispatchToRoute(Object(Illuminate\\Http\\Request))
#18 C:\\Users\\Yoram\\Documents\\School\\wot\\bario\\Bario\\Back-end\\bario-api\\vendor\\laravel\\framework\\src\\Illuminate\\Foundation\\Http\\Kernel.php(176): Illuminate\\Routing\\Router->dispatch(Object(Illuminate\\Http\\Request))
#19 C:\\Users\\Yoram\\Documents\\School\\wot\\bario\\Bario\\Back-end\\bario-api\\vendor\\laravel\\framework\\src\\Illuminate\\Pipeline\\Pipeline.php(130): Illuminate\\Foundation\\Http\\Kernel->Illuminate\\Foundation\\Http\\{closure}(Object(Illuminate\\Http\\Request))
#20 C:\\Users\\Yoram\\Documents\\School\\wot\\bario\\Bario\\Back-end\\bario-api\\vendor\\laravel\\framework\\src\\Illuminate\\Foundation\\Http\\Middleware\\TransformsRequest.php(21): Illuminate\\Pipeline\\Pipeline->Illuminate\\Pipeline\\{closure}(Object(Illuminate\\Http\\Request))
#21 C:\\Users\\Yoram\\Documents\\School\\wot\\bario\\Bario\\Back-end\\bario-api\\vendor\\laravel\\framework\\src\\Illuminate\\Pipeline\\Pipeline.php(171): Illuminate\\Foundation\\Http\\Middleware\\TransformsRequest->handle(Object(Illuminate\\Http\\Request), Object(Closure))
#22 C:\\Users\\Yoram\\Documents\\School\\wot\\bario\\Bario\\Back-end\\bario-api\\vendor\\laravel\\framework\\src\\Illuminate\\Foundation\\Http\\Middleware\\TransformsRequest.php(21): Illuminate\\Pipeline\\Pipeline->Illuminate\\Pipeline\\{closure}(Object(Illuminate\\Http\\Request))
#23 C:\\Users\\Yoram\\Documents\\School\\wot\\bario\\Bario\\Back-end\\bario-api\\vendor\\laravel\\framework\\src\\Illuminate\\Pipeline\\Pipeline.php(171): Illuminate\\Foundation\\Http\\Middleware\\TransformsRequest->handle(Object(Illuminate\\Http\\Request), Object(Closure))
#24 C:\\Users\\Yoram\\Documents\\School\\wot\\bario\\Bario\\Back-end\\bario-api\\vendor\\laravel\\framework\\src\\Illuminate\\Foundation\\Http\\Middleware\\ValidatePostSize.php(27): Illuminate\\Pipeline\\Pipeline->Illuminate\\Pipeline\\{closure}(Object(Illuminate\\Http\\Request))
#25 C:\\Users\\Yoram\\Documents\\School\\wot\\bario\\Bario\\Back-end\\bario-api\\vendor\\laravel\\framework\\src\\Illuminate\\Pipeline\\Pipeline.php(171): Illuminate\\Foundation\\Http\\Middleware\\ValidatePostSize->handle(Object(Illuminate\\Http\\Request), Object(Closure))
#26 C:\\Users\\Yoram\\Documents\\School\\wot\\bario\\Bario\\Back-end\\bario-api\\vendor\\laravel\\framework\\src\\Illuminate\\Foundation\\Http\\Middleware\\CheckForMaintenanceMode.php(62): Illuminate\\Pipeline\\Pipeline->Illuminate\\Pipeline\\{closure}(Object(Illuminate\\Http\\Request))
#27 C:\\Users\\Yoram\\Documents\\School\\wot\\bario\\Bario\\Back-end\\bario-api\\vendor\\laravel\\framework\\src\\Illuminate\\Pipeline\\Pipeline.php(171): Illuminate\\Foundation\\Http\\Middleware\\CheckForMaintenanceMode->handle(Object(Illuminate\\Http\\Request), Object(Closure))
#28 C:\\Users\\Yoram\\Documents\\School\\wot\\bario\\Bario\\Back-end\\bario-api\\vendor\\fideloper\\proxy\\src\\TrustProxies.php(57): Illuminate\\Pipeline\\Pipeline->Illuminate\\Pipeline\\{closure}(Object(Illuminate\\Http\\Request))
#29 C:\\Users\\Yoram\\Documents\\School\\wot\\bario\\Bario\\Back-end\\bario-api\\vendor\\laravel\\framework\\src\\Illuminate\\Pipeline\\Pipeline.php(171): Fideloper\\Proxy\\TrustProxies->handle(Object(Illuminate\\Http\\Request), Object(Closure))
#30 C:\\Users\\Yoram\\Documents\\School\\wot\\bario\\Bario\\Back-end\\bario-api\\vendor\\laravel\\framework\\src\\Illuminate\\Pipeline\\Pipeline.php(105): Illuminate\\Pipeline\\Pipeline->Illuminate\\Pipeline\\{closure}(Object(Illuminate\\Http\\Request))
#31 C:\\Users\\Yoram\\Documents\\School\\wot\\bario\\Bario\\Back-end\\bario-api\\vendor\\laravel\\framework\\src\\Illuminate\\Foundation\\Http\\Kernel.php(151): Illuminate\\Pipeline\\Pipeline->then(Object(Closure))
#32 C:\\Users\\Yoram\\Documents\\School\\wot\\bario\\Bario\\Back-end\\bario-api\\vendor\\laravel\\framework\\src\\Illuminate\\Foundation\\Http\\Kernel.php(116): Illuminate\\Foundation\\Http\\Kernel->sendRequestThroughRouter(Object(Illuminate\\Http\\Request))
#33 C:\\Users\\Yoram\\Documents\\School\\wot\\bario\\Bario\\Back-end\\bario-api\\public\\index.php(55): Illuminate\\Foundation\\Http\\Kernel->handle(Object(Illuminate\\Http\\Request))
#34 C:\\Users\\Yoram\\Documents\\School\\wot\\bario\\Bario\\Back-end\\bario-api\\server.php(21): require_once('C:\\\\Users\\\\Yoram\\\\...')
#35 {main}
"} 
[2019-12-09 09:34:00] local.ERROR: Call to undefined function App\Http\Controllers\API\respone() {"userId":1,"exception":"[object] (Symfony\\Component\\Debug\\Exception\\FatalThrowableError(code: 0): Call to undefined function App\\Http\\Controllers\\API\espone() at C:\\Users\\Yoram\\Documents\\School\\wot\\bario\\Bario\\Back-end\\bario-api\\app\\Http\\Controllers\\API\\TagsController.php:141)
[stacktrace]
#0 [internal function]: App\\Http\\Controllers\\API\\TagsController->destroy('4')
#1 C:\\Users\\Yoram\\Documents\\School\\wot\\bario\\Bario\\Back-end\\bario-api\\vendor\\laravel\\framework\\src\\Illuminate\\Routing\\Controller.php(54): call_user_func_array(Array, Array)
#2 C:\\Users\\Yoram\\Documents\\School\\wot\\bario\\Bario\\Back-end\\bario-api\\vendor\\laravel\\framework\\src\\Illuminate\\Routing\\ControllerDispatcher.php(45): Illuminate\\Routing\\Controller->callAction('destroy', Array)
#3 C:\\Users\\Yoram\\Documents\\School\\wot\\bario\\Bario\\Back-end\\bario-api\\vendor\\laravel\\framework\\src\\Illuminate\\Routing\\Route.php(219): Illuminate\\Routing\\ControllerDispatcher->dispatch(Object(Illuminate\\Routing\\Route), Object(App\\Http\\Controllers\\API\\TagsController), 'destroy')
#4 C:\\Users\\Yoram\\Documents\\School\\wot\\bario\\Bario\\Back-end\\bario-api\\vendor\\laravel\\framework\\src\\Illuminate\\Routing\\Route.php(176): Illuminate\\Routing\\Route->runController()
#5 C:\\Users\\Yoram\\Documents\\School\\wot\\bario\\Bario\\Back-end\\bario-api\\vendor\\laravel\\framework\\src\\Illuminate\\Routing\\Router.php(680): Illuminate\\Routing\\Route->run()
#6 C:\\Users\\Yoram\\Documents\\School\\wot\\bario\\Bario\\Back-end\\bario-api\\vendor\\laravel\\framework\\src\\Illuminate\\Pipeline\\Pipeline.php(130): Illuminate\\Routing\\Router->Illuminate\\Routing\\{closure}(Object(Illuminate\\Http\\Request))
#7 C:\\Users\\Yoram\\Documents\\School\\wot\\bario\\Bario\\Back-end\\bario-api\\app\\Http\\Middleware\\AuthBasic.php(23): Illuminate\\Pipeline\\Pipeline->Illuminate\\Pipeline\\{closure}(Object(Illuminate\\Http\\Request))
#8 C:\\Users\\Yoram\\Documents\\School\\wot\\bario\\Bario\\Back-end\\bario-api\\vendor\\laravel\\framework\\src\\Illuminate\\Pipeline\\Pipeline.php(171): App\\Http\\Middleware\\AuthBasic->handle(Object(Illuminate\\Http\\Request), Object(Closure))
#9 C:\\Users\\Yoram\\Documents\\School\\wot\\bario\\Bario\\Back-end\\bario-api\\vendor\\laravel\\framework\\src\\Illuminate\\Routing\\Middleware\\SubstituteBindings.php(41): Illuminate\\Pipeline\\Pipeline->Illuminate\\Pipeline\\{closure}(Object(Illuminate\\Http\\Request))
#10 C:\\Users\\Yoram\\Documents\\School\\wot\\bario\\Bario\\Back-end\\bario-api\\vendor\\laravel\\framework\\src\\Illuminate\\Pipeline\\Pipeline.php(171): Illuminate\\Routing\\Middleware\\SubstituteBindings->handle(Object(Illuminate\\Http\\Request), Object(Closure))
#11 C:\\Users\\Yoram\\Documents\\School\\wot\\bario\\Bario\\Back-end\\bario-api\\vendor\\laravel\\framework\\src\\Illuminate\\Routing\\Middleware\\ThrottleRequests.php(59): Illuminate\\Pipeline\\Pipeline->Illuminate\\Pipeline\\{closure}(Object(Illuminate\\Http\\Request))
#12 C:\\Users\\Yoram\\Documents\\School\\wot\\bario\\Bario\\Back-end\\bario-api\\vendor\\laravel\\framework\\src\\Illuminate\\Pipeline\\Pipeline.php(171): Illuminate\\Routing\\Middleware\\ThrottleRequests->handle(Object(Illuminate\\Http\\Request), Object(Closure), 60, '1')
#13 C:\\Users\\Yoram\\Documents\\School\\wot\\bario\\Bario\\Back-end\\bario-api\\vendor\\laravel\\framework\\src\\Illuminate\\Pipeline\\Pipeline.php(105): Illuminate\\Pipeline\\Pipeline->Illuminate\\Pipeline\\{closure}(Object(Illuminate\\Http\\Request))
#14 C:\\Users\\Yoram\\Documents\\School\\wot\\bario\\Bario\\Back-end\\bario-api\\vendor\\laravel\\framework\\src\\Illuminate\\Routing\\Router.php(682): Illuminate\\Pipeline\\Pipeline->then(Object(Closure))
#15 C:\\Users\\Yoram\\Documents\\School\\wot\\bario\\Bario\\Back-end\\bario-api\\vendor\\laravel\\framework\\src\\Illuminate\\Routing\\Router.php(657): Illuminate\\Routing\\Router->runRouteWithinStack(Object(Illuminate\\Routing\\Route), Object(Illuminate\\Http\\Request))
#16 C:\\Users\\Yoram\\Documents\\School\\wot\\bario\\Bario\\Back-end\\bario-api\\vendor\\laravel\\framework\\src\\Illuminate\\Routing\\Router.php(623): Illuminate\\Routing\\Router->runRoute(Object(Illuminate\\Http\\Request), Object(Illuminate\\Routing\\Route))
#17 C:\\Users\\Yoram\\Documents\\School\\wot\\bario\\Bario\\Back-end\\bario-api\\vendor\\laravel\\framework\\src\\Illuminate\\Routing\\Router.php(612): Illuminate\\Routing\\Router->dispatchToRoute(Object(Illuminate\\Http\\Request))
#18 C:\\Users\\Yoram\\Documents\\School\\wot\\bario\\Bario\\Back-end\\bario-api\\vendor\\laravel\\framework\\src\\Illuminate\\Foundation\\Http\\Kernel.php(176): Illuminate\\Routing\\Router->dispatch(Object(Illuminate\\Http\\Request))
#19 C:\\Users\\Yoram\\Documents\\School\\wot\\bario\\Bario\\Back-end\\bario-api\\vendor\\laravel\\framework\\src\\Illuminate\\Pipeline\\Pipeline.php(130): Illuminate\\Foundation\\Http\\Kernel->Illuminate\\Foundation\\Http\\{closure}(Object(Illuminate\\Http\\Request))
#20 C:\\Users\\Yoram\\Documents\\School\\wot\\bario\\Bario\\Back-end\\bario-api\\vendor\\laravel\\framework\\src\\Illuminate\\Foundation\\Http\\Middleware\\TransformsRequest.php(21): Illuminate\\Pipeline\\Pipeline->Illuminate\\Pipeline\\{closure}(Object(Illuminate\\Http\\Request))
#21 C:\\Users\\Yoram\\Documents\\School\\wot\\bario\\Bario\\Back-end\\bario-api\\vendor\\laravel\\framework\\src\\Illuminate\\Pipeline\\Pipeline.php(171): Illuminate\\Foundation\\Http\\Middleware\\TransformsRequest->handle(Object(Illuminate\\Http\\Request), Object(Closure))
#22 C:\\Users\\Yoram\\Documents\\School\\wot\\bario\\Bario\\Back-end\\bario-api\\vendor\\laravel\\framework\\src\\Illuminate\\Foundation\\Http\\Middleware\\TransformsRequest.php(21): Illuminate\\Pipeline\\Pipeline->Illuminate\\Pipeline\\{closure}(Object(Illuminate\\Http\\Request))
#23 C:\\Users\\Yoram\\Documents\\School\\wot\\bario\\Bario\\Back-end\\bario-api\\vendor\\laravel\\framework\\src\\Illuminate\\Pipeline\\Pipeline.php(171): Illuminate\\Foundation\\Http\\Middleware\\TransformsRequest->handle(Object(Illuminate\\Http\\Request), Object(Closure))
#24 C:\\Users\\Yoram\\Documents\\School\\wot\\bario\\Bario\\Back-end\\bario-api\\vendor\\laravel\\framework\\src\\Illuminate\\Foundation\\Http\\Middleware\\ValidatePostSize.php(27): Illuminate\\Pipeline\\Pipeline->Illuminate\\Pipeline\\{closure}(Object(Illuminate\\Http\\Request))
#25 C:\\Users\\Yoram\\Documents\\School\\wot\\bario\\Bario\\Back-end\\bario-api\\vendor\\laravel\\framework\\src\\Illuminate\\Pipeline\\Pipeline.php(171): Illuminate\\Foundation\\Http\\Middleware\\ValidatePostSize->handle(Object(Illuminate\\Http\\Request), Object(Closure))
#26 C:\\Users\\Yoram\\Documents\\School\\wot\\bario\\Bario\\Back-end\\bario-api\\vendor\\laravel\\framework\\src\\Illuminate\\Foundation\\Http\\Middleware\\CheckForMaintenanceMode.php(62): Illuminate\\Pipeline\\Pipeline->Illuminate\\Pipeline\\{closure}(Object(Illuminate\\Http\\Request))
#27 C:\\Users\\Yoram\\Documents\\School\\wot\\bario\\Bario\\Back-end\\bario-api\\vendor\\laravel\\framework\\src\\Illuminate\\Pipeline\\Pipeline.php(171): Illuminate\\Foundation\\Http\\Middleware\\CheckForMaintenanceMode->handle(Object(Illuminate\\Http\\Request), Object(Closure))
#28 C:\\Users\\Yoram\\Documents\\School\\wot\\bario\\Bario\\Back-end\\bario-api\\vendor\\fideloper\\proxy\\src\\TrustProxies.php(57): Illuminate\\Pipeline\\Pipeline->Illuminate\\Pipeline\\{closure}(Object(Illuminate\\Http\\Request))
#29 C:\\Users\\Yoram\\Documents\\School\\wot\\bario\\Bario\\Back-end\\bario-api\\vendor\\laravel\\framework\\src\\Illuminate\\Pipeline\\Pipeline.php(171): Fideloper\\Proxy\\TrustProxies->handle(Object(Illuminate\\Http\\Request), Object(Closure))
#30 C:\\Users\\Yoram\\Documents\\School\\wot\\bario\\Bario\\Back-end\\bario-api\\vendor\\laravel\\framework\\src\\Illuminate\\Pipeline\\Pipeline.php(105): Illuminate\\Pipeline\\Pipeline->Illuminate\\Pipeline\\{closure}(Object(Illuminate\\Http\\Request))
#31 C:\\Users\\Yoram\\Documents\\School\\wot\\bario\\Bario\\Back-end\\bario-api\\vendor\\laravel\\framework\\src\\Illuminate\\Foundation\\Http\\Kernel.php(151): Illuminate\\Pipeline\\Pipeline->then(Object(Closure))
#32 C:\\Users\\Yoram\\Documents\\School\\wot\\bario\\Bario\\Back-end\\bario-api\\vendor\\laravel\\framework\\src\\Illuminate\\Foundation\\Http\\Kernel.php(116): Illuminate\\Foundation\\Http\\Kernel->sendRequestThroughRouter(Object(Illuminate\\Http\\Request))
#33 C:\\Users\\Yoram\\Documents\\School\\wot\\bario\\Bario\\Back-end\\bario-api\\public\\index.php(55): Illuminate\\Foundation\\Http\\Kernel->handle(Object(Illuminate\\Http\\Request))
#34 C:\\Users\\Yoram\\Documents\\School\\wot\\bario\\Bario\\Back-end\\bario-api\\server.php(21): require_once('C:\\\\Users\\\\Yoram\\\\...')
#35 {main}
"} 
