[2019-11-18 08:39:09] local.ERROR: Class 'Laravel\PassPort\PassportServiceProvider' not found {"exception":"[object] (Symfony\\Component\\Debug\\Exception\\FatalThrowableError(code: 0): Class 'Laravel\\PassPort\\PassportServiceProvider' not found at C:\\Users\\Yoram\\Documents\\School\\wot\\bario\\Bario\\Back-end\\bario-api\\vendor\\laravel\\framework\\src\\Illuminate\\Foundation\\ProviderRepository.php:208)
[stacktrace]
#0 C:\\Users\\Yoram\\Documents\\School\\wot\\bario\\Bario\\Back-end\\bario-api\\vendor\\laravel\\framework\\src\\Illuminate\\Foundation\\ProviderRepository.php(144): Illuminate\\Foundation\\ProviderRepository->createProvider('Laravel\\\\PassPor...')
#1 C:\\Users\\Yoram\\Documents\\School\\wot\\bario\\Bario\\Back-end\\bario-api\\vendor\\laravel\\framework\\src\\Illuminate\\Foundation\\ProviderRepository.php(61): Illuminate\\Foundation\\ProviderRepository->compileManifest(Array)
#2 C:\\Users\\Yoram\\Documents\\School\\wot\\bario\\Bario\\Back-end\\bario-api\\vendor\\laravel\\framework\\src\\Illuminate\\Foundation\\Application.php(585): Illuminate\\Foundation\\ProviderRepository->load(Array)
#3 C:\\Users\\Yoram\\Documents\\School\\wot\\bario\\Bario\\Back-end\\bario-api\\vendor\\laravel\\framework\\src\\Illuminate\\Foundation\\Bootstrap\\RegisterProviders.php(17): Illuminate\\Foundation\\Application->registerConfiguredProviders()
#4 C:\\Users\\Yoram\\Documents\\School\\wot\\bario\\Bario\\Back-end\\bario-api\\vendor\\laravel\\framework\\src\\Illuminate\\Foundation\\Application.php(211): Illuminate\\Foundation\\Bootstrap\\RegisterProviders->bootstrap(Object(Illuminate\\Foundation\\Application))
#5 C:\\Users\\Yoram\\Documents\\School\\wot\\bario\\Bario\\Back-end\\bario-api\\vendor\\laravel\\framework\\src\\Illuminate\\Foundation\\Console\\Kernel.php(320): Illuminate\\Foundation\\Application->bootstrapWith(Array)
#6 C:\\Users\\Yoram\\Documents\\School\\wot\\bario\\Bario\\Back-end\\bario-api\\vendor\\laravel\\framework\\src\\Illuminate\\Foundation\\Console\\Kernel.php(129): Illuminate\\Foundation\\Console\\Kernel->bootstrap()
#7 C:\\Users\\Yoram\\Documents\\School\\wot\\bario\\Bario\\Back-end\\bario-api\\artisan(37): Illuminate\\Foundation\\Console\\Kernel->handle(Object(Symfony\\Component\\Console\\Input\\ArgvInput), Object(Symfony\\Component\\Console\\Output\\ConsoleOutput))
#8 {main}
"} 
[2019-11-18 08:46:54] local.ERROR: SQLSTATE[42S01]: Base table or view already exists: 1050 Table 'users' already exists (SQL: create table `users` (`id` bigint unsigned not null auto_increment primary key, `name` varchar(255) not null, `address` varchar(255) not null, `email` varchar(255) not null, `user_role` int not null, `profile_pic` varchar(255) null, `phone` varchar(255) null, `password` varchar(255) not null, `remember_token` varchar(100) null, `created_at` timestamp null, `updated_at` timestamp null) default character set utf8mb4 collate 'utf8mb4_unicode_ci') {"exception":"[object] (Illuminate\\Database\\QueryException(code: 42S01): SQLSTATE[42S01]: Base table or view already exists: 1050 Table 'users' already exists (SQL: create table `users` (`id` bigint unsigned not null auto_increment primary key, `name` varchar(255) not null, `address` varchar(255) not null, `email` varchar(255) not null, `user_role` int not null, `profile_pic` varchar(255) null, `phone` varchar(255) null, `password` varchar(255) not null, `remember_token` varchar(100) null, `created_at` timestamp null, `updated_at` timestamp null) default character set utf8mb4 collate 'utf8mb4_unicode_ci') at C:\\Users\\Yoram\\Documents\\School\\wot\\bario\\Bario\\Back-end\\bario-api\\vendor\\laravel\\framework\\src\\Illuminate\\Database\\Connection.php:665)
[stacktrace]
#0 C:\\Users\\Yoram\\Documents\\School\\wot\\bario\\Bario\\Back-end\\bario-api\\vendor\\laravel\\framework\\src\\Illuminate\\Database\\Connection.php(625): Illuminate\\Database\\Connection->runQueryCallback('create table `u...', Array, Object(Closure))
#1 C:\\Users\\Yoram\\Documents\\School\\wot\\bario\\Bario\\Back-end\\bario-api\\vendor\\laravel\\framework\\src\\Illuminate\\Database\\Connection.php(460): Illuminate\\Database\\Connection->run('create table `u...', Array, Object(Closure))
#2 C:\\Users\\Yoram\\Documents\\School\\wot\\bario\\Bario\\Back-end\\bario-api\\vendor\\laravel\\framework\\src\\Illuminate\\Database\\Schema\\Blueprint.php(97): Illuminate\\Database\\Connection->statement('create table `u...')
#3 C:\\Users\\Yoram\\Documents\\School\\wot\\bario\\Bario\\Back-end\\bario-api\\vendor\\laravel\\framework\\src\\Illuminate\\Database\\Schema\\Builder.php(290): Illuminate\\Database\\Schema\\Blueprint->build(Object(Illuminate\\Database\\MySqlConnection), Object(Illuminate\\Database\\Schema\\Grammars\\MySqlGrammar))
#4 C:\\Users\\Yoram\\Documents\\School\\wot\\bario\\Bario\\Back-end\\bario-api\\vendor\\laravel\\framework\\src\\Illuminate\\Database\\Schema\\Builder.php(167): Illuminate\\Database\\Schema\\Builder->build(Object(Illuminate\\Database\\Schema\\Blueprint))
#5 C:\\Users\\Yoram\\Documents\\School\\wot\\bario\\Bario\\Back-end\\bario-api\\vendor\\laravel\\framework\\src\\Illuminate\\Support\\Facades\\Facade.php(239): Illuminate\\Database\\Schema\\Builder->create('users', Object(Closure))
#6 C:\\Users\\Yoram\\Documents\\School\\wot\\bario\\Bario\\Back-end\\bario-api\\database\\migrations\\2019_11_16_210417_create_users_table.php(27): Illuminate\\Support\\Facades\\Facade::__callStatic('create', Array)
#7 C:\\Users\\Yoram\\Documents\\School\\wot\\bario\\Bario\\Back-end\\bario-api\\vendor\\laravel\\framework\\src\\Illuminate\\Database\\Migrations\\Migrator.php(387): CreateUsersTable->up()
#8 C:\\Users\\Yoram\\Documents\\School\\wot\\bario\\Bario\\Back-end\\bario-api\\vendor\\laravel\\framework\\src\\Illuminate\\Database\\Migrations\\Migrator.php(396): Illuminate\\Database\\Migrations\\Migrator->Illuminate\\Database\\Migrations\\{closure}()
#9 C:\\Users\\Yoram\\Documents\\School\\wot\\bario\\Bario\\Back-end\\bario-api\\vendor\\laravel\\framework\\src\\Illuminate\\Database\\Migrations\\Migrator.php(197): Illuminate\\Database\\Migrations\\Migrator->runMigration(Object(CreateUsersTable), 'up')
#10 C:\\Users\\Yoram\\Documents\\School\\wot\\bario\\Bario\\Back-end\\bario-api\\vendor\\laravel\\framework\\src\\Illuminate\\Database\\Migrations\\Migrator.php(162): Illuminate\\Database\\Migrations\\Migrator->runUp('C:\\\\Users\\\\Yoram\\\\...', 2, false)
#11 C:\\Users\\Yoram\\Documents\\School\\wot\\bario\\Bario\\Back-end\\bario-api\\vendor\\laravel\\framework\\src\\Illuminate\\Database\\Migrations\\Migrator.php(109): Illuminate\\Database\\Migrations\\Migrator->runPending(Array, Array)
#12 C:\\Users\\Yoram\\Documents\\School\\wot\\bario\\Bario\\Back-end\\bario-api\\vendor\\laravel\\framework\\src\\Illuminate\\Database\\Console\\Migrations\\MigrateCommand.php(71): Illuminate\\Database\\Migrations\\Migrator->run(Array, Array)
#13 [internal function]: Illuminate\\Database\\Console\\Migrations\\MigrateCommand->handle()
#14 C:\\Users\\Yoram\\Documents\\School\\wot\\bario\\Bario\\Back-end\\bario-api\\vendor\\laravel\\framework\\src\\Illuminate\\Container\\BoundMethod.php(32): call_user_func_array(Array, Array)
#15 C:\\Users\\Yoram\\Documents\\School\\wot\\bario\\Bario\\Back-end\\bario-api\\vendor\\laravel\\framework\\src\\Illuminate\\Container\\Util.php(34): Illuminate\\Container\\BoundMethod::Illuminate\\Container\\{closure}()
#16 C:\\Users\\Yoram\\Documents\\School\\wot\\bario\\Bario\\Back-end\\bario-api\\vendor\\laravel\\framework\\src\\Illuminate\\Container\\BoundMethod.php(90): Illuminate\\Container\\Util::unwrapIfClosure(Object(Closure))
#17 C:\\Users\\Yoram\\Documents\\School\\wot\\bario\\Bario\\Back-end\\bario-api\\vendor\\laravel\\framework\\src\\Illuminate\\Container\\BoundMethod.php(34): Illuminate\\Container\\BoundMethod::callBoundMethod(Object(Illuminate\\Foundation\\Application), Array, Object(Closure))
#18 C:\\Users\\Yoram\\Documents\\School\\wot\\bario\\Bario\\Back-end\\bario-api\\vendor\\laravel\\framework\\src\\Illuminate\\Container\\Container.php(590): Illuminate\\Container\\BoundMethod::call(Object(Illuminate\\Foundation\\Application), Array, Array, NULL)
#19 C:\\Users\\Yoram\\Documents\\School\\wot\\bario\\Bario\\Back-end\\bario-api\\vendor\\laravel\\framework\\src\\Illuminate\\Console\\Command.php(202): Illuminate\\Container\\Container->call(Array)
#20 C:\\Users\\Yoram\\Documents\\School\\wot\\bario\\Bario\\Back-end\\bario-api\\vendor\\symfony\\console\\Command\\Command.php(255): Illuminate\\Console\\Command->execute(Object(Symfony\\Component\\Console\\Input\\ArgvInput), Object(Illuminate\\Console\\OutputStyle))
#21 C:\\Users\\Yoram\\Documents\\School\\wot\\bario\\Bario\\Back-end\\bario-api\\vendor\\laravel\\framework\\src\\Illuminate\\Console\\Command.php(189): Symfony\\Component\\Console\\Command\\Command->run(Object(Symfony\\Component\\Console\\Input\\ArgvInput), Object(Illuminate\\Console\\OutputStyle))
#22 C:\\Users\\Yoram\\Documents\\School\\wot\\bario\\Bario\\Back-end\\bario-api\\vendor\\symfony\\console\\Application.php(934): Illuminate\\Console\\Command->run(Object(Symfony\\Component\\Console\\Input\\ArgvInput), Object(Symfony\\Component\\Console\\Output\\ConsoleOutput))
#23 C:\\Users\\Yoram\\Documents\\School\\wot\\bario\\Bario\\Back-end\\bario-api\\vendor\\symfony\\console\\Application.php(273): Symfony\\Component\\Console\\Application->doRunCommand(Object(Illuminate\\Database\\Console\\Migrations\\MigrateCommand), Object(Symfony\\Component\\Console\\Input\\ArgvInput), Object(Symfony\\Component\\Console\\Output\\ConsoleOutput))
#24 C:\\Users\\Yoram\\Documents\\School\\wot\\bario\\Bario\\Back-end\\bario-api\\vendor\\symfony\\console\\Application.php(149): Symfony\\Component\\Console\\Application->doRun(Object(Symfony\\Component\\Console\\Input\\ArgvInput), Object(Symfony\\Component\\Console\\Output\\ConsoleOutput))
#25 C:\\Users\\Yoram\\Documents\\School\\wot\\bario\\Bario\\Back-end\\bario-api\\vendor\\laravel\\framework\\src\\Illuminate\\Console\\Application.php(90): Symfony\\Component\\Console\\Application->run(Object(Symfony\\Component\\Console\\Input\\ArgvInput), Object(Symfony\\Component\\Console\\Output\\ConsoleOutput))
#26 C:\\Users\\Yoram\\Documents\\School\\wot\\bario\\Bario\\Back-end\\bario-api\\vendor\\laravel\\framework\\src\\Illuminate\\Foundation\\Console\\Kernel.php(131): Illuminate\\Console\\Application->run(Object(Symfony\\Component\\Console\\Input\\ArgvInput), Object(Symfony\\Component\\Console\\Output\\ConsoleOutput))
#27 C:\\Users\\Yoram\\Documents\\School\\wot\\bario\\Bario\\Back-end\\bario-api\\artisan(37): Illuminate\\Foundation\\Console\\Kernel->handle(Object(Symfony\\Component\\Console\\Input\\ArgvInput), Object(Symfony\\Component\\Console\\Output\\ConsoleOutput))
#28 {main}

[previous exception] [object] (PDOException(code: 42S01): SQLSTATE[42S01]: Base table or view already exists: 1050 Table 'users' already exists at C:\\Users\\Yoram\\Documents\\School\\wot\\bario\\Bario\\Back-end\\bario-api\\vendor\\laravel\\framework\\src\\Illuminate\\Database\\Connection.php:459)
[stacktrace]
#0 C:\\Users\\Yoram\\Documents\\School\\wot\\bario\\Bario\\Back-end\\bario-api\\vendor\\laravel\\framework\\src\\Illuminate\\Database\\Connection.php(459): PDOStatement->execute()
#1 C:\\Users\\Yoram\\Documents\\School\\wot\\bario\\Bario\\Back-end\\bario-api\\vendor\\laravel\\framework\\src\\Illuminate\\Database\\Connection.php(658): Illuminate\\Database\\Connection->Illuminate\\Database\\{closure}('create table `u...', Array)
#2 C:\\Users\\Yoram\\Documents\\School\\wot\\bario\\Bario\\Back-end\\bario-api\\vendor\\laravel\\framework\\src\\Illuminate\\Database\\Connection.php(625): Illuminate\\Database\\Connection->runQueryCallback('create table `u...', Array, Object(Closure))
#3 C:\\Users\\Yoram\\Documents\\School\\wot\\bario\\Bario\\Back-end\\bario-api\\vendor\\laravel\\framework\\src\\Illuminate\\Database\\Connection.php(460): Illuminate\\Database\\Connection->run('create table `u...', Array, Object(Closure))
#4 C:\\Users\\Yoram\\Documents\\School\\wot\\bario\\Bario\\Back-end\\bario-api\\vendor\\laravel\\framework\\src\\Illuminate\\Database\\Schema\\Blueprint.php(97): Illuminate\\Database\\Connection->statement('create table `u...')
#5 C:\\Users\\Yoram\\Documents\\School\\wot\\bario\\Bario\\Back-end\\bario-api\\vendor\\laravel\\framework\\src\\Illuminate\\Database\\Schema\\Builder.php(290): Illuminate\\Database\\Schema\\Blueprint->build(Object(Illuminate\\Database\\MySqlConnection), Object(Illuminate\\Database\\Schema\\Grammars\\MySqlGrammar))
#6 C:\\Users\\Yoram\\Documents\\School\\wot\\bario\\Bario\\Back-end\\bario-api\\vendor\\laravel\\framework\\src\\Illuminate\\Database\\Schema\\Builder.php(167): Illuminate\\Database\\Schema\\Builder->build(Object(Illuminate\\Database\\Schema\\Blueprint))
#7 C:\\Users\\Yoram\\Documents\\School\\wot\\bario\\Bario\\Back-end\\bario-api\\vendor\\laravel\\framework\\src\\Illuminate\\Support\\Facades\\Facade.php(239): Illuminate\\Database\\Schema\\Builder->create('users', Object(Closure))
#8 C:\\Users\\Yoram\\Documents\\School\\wot\\bario\\Bario\\Back-end\\bario-api\\database\\migrations\\2019_11_16_210417_create_users_table.php(27): Illuminate\\Support\\Facades\\Facade::__callStatic('create', Array)
#9 C:\\Users\\Yoram\\Documents\\School\\wot\\bario\\Bario\\Back-end\\bario-api\\vendor\\laravel\\framework\\src\\Illuminate\\Database\\Migrations\\Migrator.php(387): CreateUsersTable->up()
#10 C:\\Users\\Yoram\\Documents\\School\\wot\\bario\\Bario\\Back-end\\bario-api\\vendor\\laravel\\framework\\src\\Illuminate\\Database\\Migrations\\Migrator.php(396): Illuminate\\Database\\Migrations\\Migrator->Illuminate\\Database\\Migrations\\{closure}()
#11 C:\\Users\\Yoram\\Documents\\School\\wot\\bario\\Bario\\Back-end\\bario-api\\vendor\\laravel\\framework\\src\\Illuminate\\Database\\Migrations\\Migrator.php(197): Illuminate\\Database\\Migrations\\Migrator->runMigration(Object(CreateUsersTable), 'up')
#12 C:\\Users\\Yoram\\Documents\\School\\wot\\bario\\Bario\\Back-end\\bario-api\\vendor\\laravel\\framework\\src\\Illuminate\\Database\\Migrations\\Migrator.php(162): Illuminate\\Database\\Migrations\\Migrator->runUp('C:\\\\Users\\\\Yoram\\\\...', 2, false)
#13 C:\\Users\\Yoram\\Documents\\School\\wot\\bario\\Bario\\Back-end\\bario-api\\vendor\\laravel\\framework\\src\\Illuminate\\Database\\Migrations\\Migrator.php(109): Illuminate\\Database\\Migrations\\Migrator->runPending(Array, Array)
#14 C:\\Users\\Yoram\\Documents\\School\\wot\\bario\\Bario\\Back-end\\bario-api\\vendor\\laravel\\framework\\src\\Illuminate\\Database\\Console\\Migrations\\MigrateCommand.php(71): Illuminate\\Database\\Migrations\\Migrator->run(Array, Array)
#15 [internal function]: Illuminate\\Database\\Console\\Migrations\\MigrateCommand->handle()
#16 C:\\Users\\Yoram\\Documents\\School\\wot\\bario\\Bario\\Back-end\\bario-api\\vendor\\laravel\\framework\\src\\Illuminate\\Container\\BoundMethod.php(32): call_user_func_array(Array, Array)
#17 C:\\Users\\Yoram\\Documents\\School\\wot\\bario\\Bario\\Back-end\\bario-api\\vendor\\laravel\\framework\\src\\Illuminate\\Container\\Util.php(34): Illuminate\\Container\\BoundMethod::Illuminate\\Container\\{closure}()
#18 C:\\Users\\Yoram\\Documents\\School\\wot\\bario\\Bario\\Back-end\\bario-api\\vendor\\laravel\\framework\\src\\Illuminate\\Container\\BoundMethod.php(90): Illuminate\\Container\\Util::unwrapIfClosure(Object(Closure))
#19 C:\\Users\\Yoram\\Documents\\School\\wot\\bario\\Bario\\Back-end\\bario-api\\vendor\\laravel\\framework\\src\\Illuminate\\Container\\BoundMethod.php(34): Illuminate\\Container\\BoundMethod::callBoundMethod(Object(Illuminate\\Foundation\\Application), Array, Object(Closure))
#20 C:\\Users\\Yoram\\Documents\\School\\wot\\bario\\Bario\\Back-end\\bario-api\\vendor\\laravel\\framework\\src\\Illuminate\\Container\\Container.php(590): Illuminate\\Container\\BoundMethod::call(Object(Illuminate\\Foundation\\Application), Array, Array, NULL)
#21 C:\\Users\\Yoram\\Documents\\School\\wot\\bario\\Bario\\Back-end\\bario-api\\vendor\\laravel\\framework\\src\\Illuminate\\Console\\Command.php(202): Illuminate\\Container\\Container->call(Array)
#22 C:\\Users\\Yoram\\Documents\\School\\wot\\bario\\Bario\\Back-end\\bario-api\\vendor\\symfony\\console\\Command\\Command.php(255): Illuminate\\Console\\Command->execute(Object(Symfony\\Component\\Console\\Input\\ArgvInput), Object(Illuminate\\Console\\OutputStyle))
#23 C:\\Users\\Yoram\\Documents\\School\\wot\\bario\\Bario\\Back-end\\bario-api\\vendor\\laravel\\framework\\src\\Illuminate\\Console\\Command.php(189): Symfony\\Component\\Console\\Command\\Command->run(Object(Symfony\\Component\\Console\\Input\\ArgvInput), Object(Illuminate\\Console\\OutputStyle))
#24 C:\\Users\\Yoram\\Documents\\School\\wot\\bario\\Bario\\Back-end\\bario-api\\vendor\\symfony\\console\\Application.php(934): Illuminate\\Console\\Command->run(Object(Symfony\\Component\\Console\\Input\\ArgvInput), Object(Symfony\\Component\\Console\\Output\\ConsoleOutput))
#25 C:\\Users\\Yoram\\Documents\\School\\wot\\bario\\Bario\\Back-end\\bario-api\\vendor\\symfony\\console\\Application.php(273): Symfony\\Component\\Console\\Application->doRunCommand(Object(Illuminate\\Database\\Console\\Migrations\\MigrateCommand), Object(Symfony\\Component\\Console\\Input\\ArgvInput), Object(Symfony\\Component\\Console\\Output\\ConsoleOutput))
#26 C:\\Users\\Yoram\\Documents\\School\\wot\\bario\\Bario\\Back-end\\bario-api\\vendor\\symfony\\console\\Application.php(149): Symfony\\Component\\Console\\Application->doRun(Object(Symfony\\Component\\Console\\Input\\ArgvInput), Object(Symfony\\Component\\Console\\Output\\ConsoleOutput))
#27 C:\\Users\\Yoram\\Documents\\School\\wot\\bario\\Bario\\Back-end\\bario-api\\vendor\\laravel\\framework\\src\\Illuminate\\Console\\Application.php(90): Symfony\\Component\\Console\\Application->run(Object(Symfony\\Component\\Console\\Input\\ArgvInput), Object(Symfony\\Component\\Console\\Output\\ConsoleOutput))
#28 C:\\Users\\Yoram\\Documents\\School\\wot\\bario\\Bario\\Back-end\\bario-api\\vendor\\laravel\\framework\\src\\Illuminate\\Foundation\\Console\\Kernel.php(131): Illuminate\\Console\\Application->run(Object(Symfony\\Component\\Console\\Input\\ArgvInput), Object(Symfony\\Component\\Console\\Output\\ConsoleOutput))
#29 C:\\Users\\Yoram\\Documents\\School\\wot\\bario\\Bario\\Back-end\\bario-api\\artisan(37): Illuminate\\Foundation\\Console\\Kernel->handle(Object(Symfony\\Component\\Console\\Input\\ArgvInput), Object(Symfony\\Component\\Console\\Output\\ConsoleOutput))
#30 {main}
"} 
[2019-11-18 10:15:33] local.ERROR: Key path "file://C:\Users\Yoram\Documents\School\wot\bario\Bario\Back-end\bario-api\storage\oauth-public.key" does not exist or is not readable {"exception":"[object] (LogicException(code: 0): Key path \"file://C:\\Users\\Yoram\\Documents\\School\\wot\\bario\\Bario\\Back-end\\bario-api\\storage\\oauth-public.key\" does not exist or is not readable at C:\\Users\\Yoram\\Documents\\School\\wot\\bario\\Bario\\Back-end\\bario-api\\vendor\\league\\oauth2-server\\src\\CryptKey.php:48)
[stacktrace]
#0 C:\\Users\\Yoram\\Documents\\School\\wot\\bario\\Bario\\Back-end\\bario-api\\vendor\\laravel\\passport\\src\\PassportServiceProvider.php(243): League\\OAuth2\\Server\\CryptKey->__construct('file://C:\\\\Users...', NULL, false)
#1 C:\\Users\\Yoram\\Documents\\School\\wot\\bario\\Bario\\Back-end\\bario-api\\vendor\\laravel\\passport\\src\\PassportServiceProvider.php(224): Laravel\\Passport\\PassportServiceProvider->makeCryptKey('public')
#2 C:\\Users\\Yoram\\Documents\\School\\wot\\bario\\Bario\\Back-end\\bario-api\\vendor\\laravel\\framework\\src\\Illuminate\\Container\\Container.php(799): Laravel\\Passport\\PassportServiceProvider->Laravel\\Passport\\{closure}(Object(Illuminate\\Foundation\\Application), Array)
#3 C:\\Users\\Yoram\\Documents\\School\\wot\\bario\\Bario\\Back-end\\bario-api\\vendor\\laravel\\framework\\src\\Illuminate\\Container\\Container.php(681): Illuminate\\Container\\Container->build(Object(Closure))
#4 C:\\Users\\Yoram\\Documents\\School\\wot\\bario\\Bario\\Back-end\\bario-api\\vendor\\laravel\\framework\\src\\Illuminate\\Container\\Container.php(629): Illuminate\\Container\\Container->resolve('League\\\\OAuth2\\\\S...', Array)
#5 C:\\Users\\Yoram\\Documents\\School\\wot\\bario\\Bario\\Back-end\\bario-api\\vendor\\laravel\\framework\\src\\Illuminate\\Foundation\\Application.php(768): Illuminate\\Container\\Container->make('League\\\\OAuth2\\\\S...', Array)
#6 C:\\Users\\Yoram\\Documents\\School\\wot\\bario\\Bario\\Back-end\\bario-api\\vendor\\laravel\\passport\\src\\PassportServiceProvider.php(272): Illuminate\\Foundation\\Application->make('League\\\\OAuth2\\\\S...')
#7 [internal function]: Laravel\\Passport\\PassportServiceProvider->Laravel\\Passport\\{closure}(Object(Illuminate\\Http\\Request), NULL)
#8 C:\\Users\\Yoram\\Documents\\School\\wot\\bario\\Bario\\Back-end\\bario-api\\vendor\\laravel\\framework\\src\\Illuminate\\Auth\\RequestGuard.php(58): call_user_func(Object(Closure), Object(Illuminate\\Http\\Request), NULL)
#9 C:\\Users\\Yoram\\Documents\\School\\wot\\bario\\Bario\\Back-end\\bario-api\\vendor\\laravel\\framework\\src\\Illuminate\\Auth\\GuardHelpers.php(60): Illuminate\\Auth\\RequestGuard->user()
#10 C:\\Users\\Yoram\\Documents\\School\\wot\\bario\\Bario\\Back-end\\bario-api\\vendor\\laravel\\framework\\src\\Illuminate\\Auth\\Middleware\\Authenticate.php(62): Illuminate\\Auth\\RequestGuard->check()
#11 C:\\Users\\Yoram\\Documents\\School\\wot\\bario\\Bario\\Back-end\\bario-api\\vendor\\laravel\\framework\\src\\Illuminate\\Auth\\Middleware\\Authenticate.php(41): Illuminate\\Auth\\Middleware\\Authenticate->authenticate(Object(Illuminate\\Http\\Request), Array)
#12 C:\\Users\\Yoram\\Documents\\School\\wot\\bario\\Bario\\Back-end\\bario-api\\vendor\\laravel\\framework\\src\\Illuminate\\Pipeline\\Pipeline.php(171): Illuminate\\Auth\\Middleware\\Authenticate->handle(Object(Illuminate\\Http\\Request), Object(Closure), 'api')
#13 C:\\Users\\Yoram\\Documents\\School\\wot\\bario\\Bario\\Back-end\\bario-api\\vendor\\laravel\\framework\\src\\Illuminate\\Pipeline\\Pipeline.php(105): Illuminate\\Pipeline\\Pipeline->Illuminate\\Pipeline\\{closure}(Object(Illuminate\\Http\\Request))
#14 C:\\Users\\Yoram\\Documents\\School\\wot\\bario\\Bario\\Back-end\\bario-api\\vendor\\laravel\\framework\\src\\Illuminate\\Routing\\Router.php(682): Illuminate\\Pipeline\\Pipeline->then(Object(Closure))
#15 C:\\Users\\Yoram\\Documents\\School\\wot\\bario\\Bario\\Back-end\\bario-api\\vendor\\laravel\\framework\\src\\Illuminate\\Routing\\Router.php(657): Illuminate\\Routing\\Router->runRouteWithinStack(Object(Illuminate\\Routing\\Route), Object(Illuminate\\Http\\Request))
#16 C:\\Users\\Yoram\\Documents\\School\\wot\\bario\\Bario\\Back-end\\bario-api\\vendor\\laravel\\framework\\src\\Illuminate\\Routing\\Router.php(623): Illuminate\\Routing\\Router->runRoute(Object(Illuminate\\Http\\Request), Object(Illuminate\\Routing\\Route))
#17 C:\\Users\\Yoram\\Documents\\School\\wot\\bario\\Bario\\Back-end\\bario-api\\vendor\\laravel\\framework\\src\\Illuminate\\Routing\\Router.php(612): Illuminate\\Routing\\Router->dispatchToRoute(Object(Illuminate\\Http\\Request))
#18 C:\\Users\\Yoram\\Documents\\School\\wot\\bario\\Bario\\Back-end\\bario-api\\vendor\\laravel\\framework\\src\\Illuminate\\Foundation\\Http\\Kernel.php(176): Illuminate\\Routing\\Router->dispatch(Object(Illuminate\\Http\\Request))
#19 C:\\Users\\Yoram\\Documents\\School\\wot\\bario\\Bario\\Back-end\\bario-api\\vendor\\laravel\\framework\\src\\Illuminate\\Pipeline\\Pipeline.php(130): Illuminate\\Foundation\\Http\\Kernel->Illuminate\\Foundation\\Http\\{closure}(Object(Illuminate\\Http\\Request))
#20 C:\\Users\\Yoram\\Documents\\School\\wot\\bario\\Bario\\Back-end\\bario-api\\vendor\\laravel\\framework\\src\\Illuminate\\Foundation\\Http\\Middleware\\TransformsRequest.php(21): Illuminate\\Pipeline\\Pipeline->Illuminate\\Pipeline\\{closure}(Object(Illuminate\\Http\\Request))
#21 C:\\Users\\Yoram\\Documents\\School\\wot\\bario\\Bario\\Back-end\\bario-api\\vendor\\laravel\\framework\\src\\Illuminate\\Pipeline\\Pipeline.php(171): Illuminate\\Foundation\\Http\\Middleware\\TransformsRequest->handle(Object(Illuminate\\Http\\Request), Object(Closure))
#22 C:\\Users\\Yoram\\Documents\\School\\wot\\bario\\Bario\\Back-end\\bario-api\\vendor\\laravel\\framework\\src\\Illuminate\\Foundation\\Http\\Middleware\\TransformsRequest.php(21): Illuminate\\Pipeline\\Pipeline->Illuminate\\Pipeline\\{closure}(Object(Illuminate\\Http\\Request))
#23 C:\\Users\\Yoram\\Documents\\School\\wot\\bario\\Bario\\Back-end\\bario-api\\vendor\\laravel\\framework\\src\\Illuminate\\Pipeline\\Pipeline.php(171): Illuminate\\Foundation\\Http\\Middleware\\TransformsRequest->handle(Object(Illuminate\\Http\\Request), Object(Closure))
#24 C:\\Users\\Yoram\\Documents\\School\\wot\\bario\\Bario\\Back-end\\bario-api\\vendor\\laravel\\framework\\src\\Illuminate\\Foundation\\Http\\Middleware\\ValidatePostSize.php(27): Illuminate\\Pipeline\\Pipeline->Illuminate\\Pipeline\\{closure}(Object(Illuminate\\Http\\Request))
#25 C:\\Users\\Yoram\\Documents\\School\\wot\\bario\\Bario\\Back-end\\bario-api\\vendor\\laravel\\framework\\src\\Illuminate\\Pipeline\\Pipeline.php(171): Illuminate\\Foundation\\Http\\Middleware\\ValidatePostSize->handle(Object(Illuminate\\Http\\Request), Object(Closure))
#26 C:\\Users\\Yoram\\Documents\\School\\wot\\bario\\Bario\\Back-end\\bario-api\\vendor\\laravel\\framework\\src\\Illuminate\\Foundation\\Http\\Middleware\\CheckForMaintenanceMode.php(62): Illuminate\\Pipeline\\Pipeline->Illuminate\\Pipeline\\{closure}(Object(Illuminate\\Http\\Request))
#27 C:\\Users\\Yoram\\Documents\\School\\wot\\bario\\Bario\\Back-end\\bario-api\\vendor\\laravel\\framework\\src\\Illuminate\\Pipeline\\Pipeline.php(171): Illuminate\\Foundation\\Http\\Middleware\\CheckForMaintenanceMode->handle(Object(Illuminate\\Http\\Request), Object(Closure))
#28 C:\\Users\\Yoram\\Documents\\School\\wot\\bario\\Bario\\Back-end\\bario-api\\vendor\\fideloper\\proxy\\src\\TrustProxies.php(57): Illuminate\\Pipeline\\Pipeline->Illuminate\\Pipeline\\{closure}(Object(Illuminate\\Http\\Request))
#29 C:\\Users\\Yoram\\Documents\\School\\wot\\bario\\Bario\\Back-end\\bario-api\\vendor\\laravel\\framework\\src\\Illuminate\\Pipeline\\Pipeline.php(171): Fideloper\\Proxy\\TrustProxies->handle(Object(Illuminate\\Http\\Request), Object(Closure))
#30 C:\\Users\\Yoram\\Documents\\School\\wot\\bario\\Bario\\Back-end\\bario-api\\vendor\\laravel\\framework\\src\\Illuminate\\Pipeline\\Pipeline.php(105): Illuminate\\Pipeline\\Pipeline->Illuminate\\Pipeline\\{closure}(Object(Illuminate\\Http\\Request))
#31 C:\\Users\\Yoram\\Documents\\School\\wot\\bario\\Bario\\Back-end\\bario-api\\vendor\\laravel\\framework\\src\\Illuminate\\Foundation\\Http\\Kernel.php(151): Illuminate\\Pipeline\\Pipeline->then(Object(Closure))
#32 C:\\Users\\Yoram\\Documents\\School\\wot\\bario\\Bario\\Back-end\\bario-api\\vendor\\laravel\\framework\\src\\Illuminate\\Foundation\\Http\\Kernel.php(116): Illuminate\\Foundation\\Http\\Kernel->sendRequestThroughRouter(Object(Illuminate\\Http\\Request))
#33 C:\\Users\\Yoram\\Documents\\School\\wot\\bario\\Bario\\Back-end\\bario-api\\public\\index.php(55): Illuminate\\Foundation\\Http\\Kernel->handle(Object(Illuminate\\Http\\Request))
#34 C:\\Users\\Yoram\\Documents\\School\\wot\\bario\\Bario\\Back-end\\bario-api\\server.php(21): require_once('C:\\\\Users\\\\Yoram\\\\...')
#35 {main}
"} 
[2019-11-18 10:20:41] local.ERROR: Key path "file://C:\Users\Yoram\Documents\School\wot\bario\Bario\Back-end\bario-api\storage\oauth-public.key" does not exist or is not readable {"exception":"[object] (LogicException(code: 0): Key path \"file://C:\\Users\\Yoram\\Documents\\School\\wot\\bario\\Bario\\Back-end\\bario-api\\storage\\oauth-public.key\" does not exist or is not readable at C:\\Users\\Yoram\\Documents\\School\\wot\\bario\\Bario\\Back-end\\bario-api\\vendor\\league\\oauth2-server\\src\\CryptKey.php:48)
[stacktrace]
#0 C:\\Users\\Yoram\\Documents\\School\\wot\\bario\\Bario\\Back-end\\bario-api\\vendor\\laravel\\passport\\src\\PassportServiceProvider.php(243): League\\OAuth2\\Server\\CryptKey->__construct('file://C:\\\\Users...', NULL, false)
#1 C:\\Users\\Yoram\\Documents\\School\\wot\\bario\\Bario\\Back-end\\bario-api\\vendor\\laravel\\passport\\src\\PassportServiceProvider.php(224): Laravel\\Passport\\PassportServiceProvider->makeCryptKey('public')
#2 C:\\Users\\Yoram\\Documents\\School\\wot\\bario\\Bario\\Back-end\\bario-api\\vendor\\laravel\\framework\\src\\Illuminate\\Container\\Container.php(799): Laravel\\Passport\\PassportServiceProvider->Laravel\\Passport\\{closure}(Object(Illuminate\\Foundation\\Application), Array)
#3 C:\\Users\\Yoram\\Documents\\School\\wot\\bario\\Bario\\Back-end\\bario-api\\vendor\\laravel\\framework\\src\\Illuminate\\Container\\Container.php(681): Illuminate\\Container\\Container->build(Object(Closure))
#4 C:\\Users\\Yoram\\Documents\\School\\wot\\bario\\Bario\\Back-end\\bario-api\\vendor\\laravel\\framework\\src\\Illuminate\\Container\\Container.php(629): Illuminate\\Container\\Container->resolve('League\\\\OAuth2\\\\S...', Array)
#5 C:\\Users\\Yoram\\Documents\\School\\wot\\bario\\Bario\\Back-end\\bario-api\\vendor\\laravel\\framework\\src\\Illuminate\\Foundation\\Application.php(768): Illuminate\\Container\\Container->make('League\\\\OAuth2\\\\S...', Array)
#6 C:\\Users\\Yoram\\Documents\\School\\wot\\bario\\Bario\\Back-end\\bario-api\\vendor\\laravel\\passport\\src\\PassportServiceProvider.php(272): Illuminate\\Foundation\\Application->make('League\\\\OAuth2\\\\S...')
#7 [internal function]: Laravel\\Passport\\PassportServiceProvider->Laravel\\Passport\\{closure}(Object(Illuminate\\Http\\Request), NULL)
#8 C:\\Users\\Yoram\\Documents\\School\\wot\\bario\\Bario\\Back-end\\bario-api\\vendor\\laravel\\framework\\src\\Illuminate\\Auth\\RequestGuard.php(58): call_user_func(Object(Closure), Object(Illuminate\\Http\\Request), NULL)
#9 C:\\Users\\Yoram\\Documents\\School\\wot\\bario\\Bario\\Back-end\\bario-api\\vendor\\laravel\\framework\\src\\Illuminate\\Auth\\GuardHelpers.php(60): Illuminate\\Auth\\RequestGuard->user()
#10 C:\\Users\\Yoram\\Documents\\School\\wot\\bario\\Bario\\Back-end\\bario-api\\vendor\\laravel\\framework\\src\\Illuminate\\Auth\\Middleware\\Authenticate.php(62): Illuminate\\Auth\\RequestGuard->check()
#11 C:\\Users\\Yoram\\Documents\\School\\wot\\bario\\Bario\\Back-end\\bario-api\\vendor\\laravel\\framework\\src\\Illuminate\\Auth\\Middleware\\Authenticate.php(41): Illuminate\\Auth\\Middleware\\Authenticate->authenticate(Object(Illuminate\\Http\\Request), Array)
#12 C:\\Users\\Yoram\\Documents\\School\\wot\\bario\\Bario\\Back-end\\bario-api\\vendor\\laravel\\framework\\src\\Illuminate\\Pipeline\\Pipeline.php(171): Illuminate\\Auth\\Middleware\\Authenticate->handle(Object(Illuminate\\Http\\Request), Object(Closure), 'api')
#13 C:\\Users\\Yoram\\Documents\\School\\wot\\bario\\Bario\\Back-end\\bario-api\\vendor\\laravel\\framework\\src\\Illuminate\\Pipeline\\Pipeline.php(105): Illuminate\\Pipeline\\Pipeline->Illuminate\\Pipeline\\{closure}(Object(Illuminate\\Http\\Request))
#14 C:\\Users\\Yoram\\Documents\\School\\wot\\bario\\Bario\\Back-end\\bario-api\\vendor\\laravel\\framework\\src\\Illuminate\\Routing\\Router.php(682): Illuminate\\Pipeline\\Pipeline->then(Object(Closure))
#15 C:\\Users\\Yoram\\Documents\\School\\wot\\bario\\Bario\\Back-end\\bario-api\\vendor\\laravel\\framework\\src\\Illuminate\\Routing\\Router.php(657): Illuminate\\Routing\\Router->runRouteWithinStack(Object(Illuminate\\Routing\\Route), Object(Illuminate\\Http\\Request))
#16 C:\\Users\\Yoram\\Documents\\School\\wot\\bario\\Bario\\Back-end\\bario-api\\vendor\\laravel\\framework\\src\\Illuminate\\Routing\\Router.php(623): Illuminate\\Routing\\Router->runRoute(Object(Illuminate\\Http\\Request), Object(Illuminate\\Routing\\Route))
#17 C:\\Users\\Yoram\\Documents\\School\\wot\\bario\\Bario\\Back-end\\bario-api\\vendor\\laravel\\framework\\src\\Illuminate\\Routing\\Router.php(612): Illuminate\\Routing\\Router->dispatchToRoute(Object(Illuminate\\Http\\Request))
#18 C:\\Users\\Yoram\\Documents\\School\\wot\\bario\\Bario\\Back-end\\bario-api\\vendor\\laravel\\framework\\src\\Illuminate\\Foundation\\Http\\Kernel.php(176): Illuminate\\Routing\\Router->dispatch(Object(Illuminate\\Http\\Request))
#19 C:\\Users\\Yoram\\Documents\\School\\wot\\bario\\Bario\\Back-end\\bario-api\\vendor\\laravel\\framework\\src\\Illuminate\\Pipeline\\Pipeline.php(130): Illuminate\\Foundation\\Http\\Kernel->Illuminate\\Foundation\\Http\\{closure}(Object(Illuminate\\Http\\Request))
#20 C:\\Users\\Yoram\\Documents\\School\\wot\\bario\\Bario\\Back-end\\bario-api\\vendor\\laravel\\framework\\src\\Illuminate\\Foundation\\Http\\Middleware\\TransformsRequest.php(21): Illuminate\\Pipeline\\Pipeline->Illuminate\\Pipeline\\{closure}(Object(Illuminate\\Http\\Request))
#21 C:\\Users\\Yoram\\Documents\\School\\wot\\bario\\Bario\\Back-end\\bario-api\\vendor\\laravel\\framework\\src\\Illuminate\\Pipeline\\Pipeline.php(171): Illuminate\\Foundation\\Http\\Middleware\\TransformsRequest->handle(Object(Illuminate\\Http\\Request), Object(Closure))
#22 C:\\Users\\Yoram\\Documents\\School\\wot\\bario\\Bario\\Back-end\\bario-api\\vendor\\laravel\\framework\\src\\Illuminate\\Foundation\\Http\\Middleware\\TransformsRequest.php(21): Illuminate\\Pipeline\\Pipeline->Illuminate\\Pipeline\\{closure}(Object(Illuminate\\Http\\Request))
#23 C:\\Users\\Yoram\\Documents\\School\\wot\\bario\\Bario\\Back-end\\bario-api\\vendor\\laravel\\framework\\src\\Illuminate\\Pipeline\\Pipeline.php(171): Illuminate\\Foundation\\Http\\Middleware\\TransformsRequest->handle(Object(Illuminate\\Http\\Request), Object(Closure))
#24 C:\\Users\\Yoram\\Documents\\School\\wot\\bario\\Bario\\Back-end\\bario-api\\vendor\\laravel\\framework\\src\\Illuminate\\Foundation\\Http\\Middleware\\ValidatePostSize.php(27): Illuminate\\Pipeline\\Pipeline->Illuminate\\Pipeline\\{closure}(Object(Illuminate\\Http\\Request))
#25 C:\\Users\\Yoram\\Documents\\School\\wot\\bario\\Bario\\Back-end\\bario-api\\vendor\\laravel\\framework\\src\\Illuminate\\Pipeline\\Pipeline.php(171): Illuminate\\Foundation\\Http\\Middleware\\ValidatePostSize->handle(Object(Illuminate\\Http\\Request), Object(Closure))
#26 C:\\Users\\Yoram\\Documents\\School\\wot\\bario\\Bario\\Back-end\\bario-api\\vendor\\laravel\\framework\\src\\Illuminate\\Foundation\\Http\\Middleware\\CheckForMaintenanceMode.php(62): Illuminate\\Pipeline\\Pipeline->Illuminate\\Pipeline\\{closure}(Object(Illuminate\\Http\\Request))
#27 C:\\Users\\Yoram\\Documents\\School\\wot\\bario\\Bario\\Back-end\\bario-api\\vendor\\laravel\\framework\\src\\Illuminate\\Pipeline\\Pipeline.php(171): Illuminate\\Foundation\\Http\\Middleware\\CheckForMaintenanceMode->handle(Object(Illuminate\\Http\\Request), Object(Closure))
#28 C:\\Users\\Yoram\\Documents\\School\\wot\\bario\\Bario\\Back-end\\bario-api\\vendor\\fideloper\\proxy\\src\\TrustProxies.php(57): Illuminate\\Pipeline\\Pipeline->Illuminate\\Pipeline\\{closure}(Object(Illuminate\\Http\\Request))
#29 C:\\Users\\Yoram\\Documents\\School\\wot\\bario\\Bario\\Back-end\\bario-api\\vendor\\laravel\\framework\\src\\Illuminate\\Pipeline\\Pipeline.php(171): Fideloper\\Proxy\\TrustProxies->handle(Object(Illuminate\\Http\\Request), Object(Closure))
#30 C:\\Users\\Yoram\\Documents\\School\\wot\\bario\\Bario\\Back-end\\bario-api\\vendor\\laravel\\framework\\src\\Illuminate\\Pipeline\\Pipeline.php(105): Illuminate\\Pipeline\\Pipeline->Illuminate\\Pipeline\\{closure}(Object(Illuminate\\Http\\Request))
#31 C:\\Users\\Yoram\\Documents\\School\\wot\\bario\\Bario\\Back-end\\bario-api\\vendor\\laravel\\framework\\src\\Illuminate\\Foundation\\Http\\Kernel.php(151): Illuminate\\Pipeline\\Pipeline->then(Object(Closure))
#32 C:\\Users\\Yoram\\Documents\\School\\wot\\bario\\Bario\\Back-end\\bario-api\\vendor\\laravel\\framework\\src\\Illuminate\\Foundation\\Http\\Kernel.php(116): Illuminate\\Foundation\\Http\\Kernel->sendRequestThroughRouter(Object(Illuminate\\Http\\Request))
#33 C:\\Users\\Yoram\\Documents\\School\\wot\\bario\\Bario\\Back-end\\bario-api\\public\\index.php(55): Illuminate\\Foundation\\Http\\Kernel->handle(Object(Illuminate\\Http\\Request))
#34 C:\\Users\\Yoram\\Documents\\School\\wot\\bario\\Bario\\Back-end\\bario-api\\server.php(21): require_once('C:\\\\Users\\\\Yoram\\\\...')
#35 {main}
"} 
